{"/home/premices/andella/interview/EPIC-Mail/server/tests/v1/messages.js":{"path":"/home/premices/andella/interview/EPIC-Mail/server/tests/v1/messages.js","statementMap":{"0":{"start":{"line":3,"column":12},"end":{"line":3,"column":27}},"1":{"start":{"line":5,"column":13},"end":{"line":5,"column":42}},"2":{"start":{"line":7,"column":16},"end":{"line":7,"column":36}},"3":{"start":{"line":9,"column":17},"end":{"line":9,"column":50}},"4":{"start":{"line":11,"column":13},"end":{"line":11,"column":35}},"5":{"start":{"line":13,"column":14},"end":{"line":13,"column":44}},"6":{"start":{"line":15,"column":39},"end":{"line":15,"column":93}},"7":{"start":{"line":17,"column":0},"end":{"line":17,"column":39}},"8":{"start":{"line":19,"column":13},"end":{"line":19,"column":36}},"9":{"start":{"line":22,"column":22},"end":{"line":29,"column":1}},"10":{"start":{"line":33,"column":28},"end":{"line":40,"column":1}},"11":{"start":{"line":42,"column":13},"end":{"line":46,"column":1}},"12":{"start":{"line":49,"column":15},"end":{"line":53,"column":1}},"13":{"start":{"line":55,"column":0},"end":{"line":113,"column":3}},"14":{"start":{"line":57,"column":4},"end":{"line":66,"column":7}},"15":{"start":{"line":59,"column":8},"end":{"line":65,"column":11}},"16":{"start":{"line":61,"column":12},"end":{"line":61,"column":60}},"17":{"start":{"line":62,"column":12},"end":{"line":62,"column":66}},"18":{"start":{"line":63,"column":12},"end":{"line":63,"column":44}},"19":{"start":{"line":64,"column":12},"end":{"line":64,"column":19}},"20":{"start":{"line":67,"column":4},"end":{"line":76,"column":7}},"21":{"start":{"line":69,"column":8},"end":{"line":75,"column":11}},"22":{"start":{"line":71,"column":12},"end":{"line":71,"column":62}},"23":{"start":{"line":72,"column":12},"end":{"line":72,"column":68}},"24":{"start":{"line":73,"column":12},"end":{"line":73,"column":44}},"25":{"start":{"line":74,"column":12},"end":{"line":74,"column":19}},"26":{"start":{"line":77,"column":4},"end":{"line":85,"column":7}},"27":{"start":{"line":79,"column":8},"end":{"line":84,"column":11}},"28":{"start":{"line":82,"column":12},"end":{"line":82,"column":71}},"29":{"start":{"line":83,"column":12},"end":{"line":83,"column":19}},"30":{"start":{"line":86,"column":4},"end":{"line":94,"column":7}},"31":{"start":{"line":88,"column":8},"end":{"line":93,"column":11}},"32":{"start":{"line":91,"column":12},"end":{"line":91,"column":124}},"33":{"start":{"line":92,"column":12},"end":{"line":92,"column":19}},"34":{"start":{"line":95,"column":4},"end":{"line":103,"column":7}},"35":{"start":{"line":97,"column":8},"end":{"line":102,"column":11}},"36":{"start":{"line":100,"column":12},"end":{"line":100,"column":71}},"37":{"start":{"line":101,"column":12},"end":{"line":101,"column":19}},"38":{"start":{"line":104,"column":4},"end":{"line":112,"column":7}},"39":{"start":{"line":106,"column":8},"end":{"line":111,"column":11}},"40":{"start":{"line":109,"column":12},"end":{"line":109,"column":72}},"41":{"start":{"line":110,"column":12},"end":{"line":110,"column":19}}},"fnMap":{"0":{"name":"_interopRequireDefault","decl":{"start":{"line":15,"column":9},"end":{"line":15,"column":31}},"loc":{"start":{"line":15,"column":37},"end":{"line":15,"column":95}},"line":15},"1":{"name":"(anonymous_1)","decl":{"start":{"line":55,"column":21},"end":{"line":55,"column":22}},"loc":{"start":{"line":55,"column":33},"end":{"line":113,"column":1}},"line":55},"2":{"name":"(anonymous_2)","decl":{"start":{"line":57,"column":48},"end":{"line":57,"column":49}},"loc":{"start":{"line":57,"column":64},"end":{"line":66,"column":5}},"line":57},"3":{"name":"(anonymous_3)","decl":{"start":{"line":60,"column":54},"end":{"line":60,"column":55}},"loc":{"start":{"line":60,"column":74},"end":{"line":65,"column":9}},"line":60},"4":{"name":"(anonymous_4)","decl":{"start":{"line":67,"column":50},"end":{"line":67,"column":51}},"loc":{"start":{"line":67,"column":66},"end":{"line":76,"column":5}},"line":67},"5":{"name":"(anonymous_5)","decl":{"start":{"line":70,"column":56},"end":{"line":70,"column":57}},"loc":{"start":{"line":70,"column":76},"end":{"line":75,"column":9}},"line":70},"6":{"name":"(anonymous_6)","decl":{"start":{"line":77,"column":47},"end":{"line":77,"column":48}},"loc":{"start":{"line":77,"column":63},"end":{"line":85,"column":5}},"line":77},"7":{"name":"(anonymous_7)","decl":{"start":{"line":80,"column":60},"end":{"line":80,"column":61}},"loc":{"start":{"line":80,"column":80},"end":{"line":84,"column":9}},"line":80},"8":{"name":"(anonymous_8)","decl":{"start":{"line":86,"column":72},"end":{"line":86,"column":73}},"loc":{"start":{"line":86,"column":88},"end":{"line":94,"column":5}},"line":86},"9":{"name":"(anonymous_9)","decl":{"start":{"line":89,"column":44},"end":{"line":89,"column":45}},"loc":{"start":{"line":89,"column":64},"end":{"line":93,"column":9}},"line":89},"10":{"name":"(anonymous_10)","decl":{"start":{"line":95,"column":61},"end":{"line":95,"column":62}},"loc":{"start":{"line":95,"column":77},"end":{"line":103,"column":5}},"line":95},"11":{"name":"(anonymous_11)","decl":{"start":{"line":98,"column":66},"end":{"line":98,"column":67}},"loc":{"start":{"line":98,"column":86},"end":{"line":102,"column":9}},"line":98},"12":{"name":"(anonymous_12)","decl":{"start":{"line":104,"column":40},"end":{"line":104,"column":41}},"loc":{"start":{"line":104,"column":56},"end":{"line":112,"column":5}},"line":104},"13":{"name":"(anonymous_13)","decl":{"start":{"line":107,"column":44},"end":{"line":107,"column":45}},"loc":{"start":{"line":107,"column":64},"end":{"line":111,"column":9}},"line":107}},"branchMap":{"0":{"loc":{"start":{"line":15,"column":46},"end":{"line":15,"column":92}},"type":"cond-expr","locations":[{"start":{"line":15,"column":70},"end":{"line":15,"column":73}},{"start":{"line":15,"column":76},"end":{"line":15,"column":92}}],"line":15},"1":{"loc":{"start":{"line":15,"column":46},"end":{"line":15,"column":67}},"type":"binary-expr","locations":[{"start":{"line":15,"column":46},"end":{"line":15,"column":49}},{"start":{"line":15,"column":53},"end":{"line":15,"column":67}}],"line":15}},"s":{"0":1,"1":1,"2":1,"3":1,"4":1,"5":1,"6":3,"7":1,"8":1,"9":1,"10":1,"11":1,"12":1,"13":1,"14":1,"15":1,"16":1,"17":1,"18":1,"19":1,"20":1,"21":1,"22":1,"23":1,"24":1,"25":1,"26":1,"27":1,"28":1,"29":1,"30":1,"31":1,"32":1,"33":1,"34":1,"35":1,"36":1,"37":1,"38":1,"39":1,"40":1,"41":1},"f":{"0":3,"1":1,"2":1,"3":1,"4":1,"5":1,"6":1,"7":1,"8":1,"9":1,"10":1,"11":1,"12":1,"13":1},"b":{"0":[1,2],"1":[3,3]},"_coverageSchema":"43e27e138ebf9cfc5966b082cf9a028302ed4184","hash":"9b1c561b254d8ff48f5b36354f6a2e786a7d91f4","contentHash":"6f2f5521adfa8d7ebbcff494f7d8eddaaf2912dd814d62c1cc383b6a734027c6"},"/home/premices/andella/interview/EPIC-Mail/server/index.js":{"path":"/home/premices/andella/interview/EPIC-Mail/server/index.js","statementMap":{"0":{"start":{"line":3,"column":0},"end":{"line":5,"column":3}},"1":{"start":{"line":7,"column":0},"end":{"line":7,"column":31}},"2":{"start":{"line":9,"column":0},"end":{"line":9,"column":26}},"3":{"start":{"line":11,"column":15},"end":{"line":11,"column":33}},"4":{"start":{"line":13,"column":16},"end":{"line":13,"column":48}},"5":{"start":{"line":15,"column":18},"end":{"line":15,"column":40}},"6":{"start":{"line":17,"column":19},"end":{"line":17,"column":54}},"7":{"start":{"line":19,"column":14},"end":{"line":19,"column":31}},"8":{"start":{"line":21,"column":15},"end":{"line":21,"column":46}},"9":{"start":{"line":23,"column":14},"end":{"line":23,"column":31}},"10":{"start":{"line":25,"column":15},"end":{"line":25,"column":46}},"11":{"start":{"line":27,"column":24},"end":{"line":27,"column":53}},"12":{"start":{"line":29,"column":25},"end":{"line":29,"column":66}},"13":{"start":{"line":31,"column":14},"end":{"line":31,"column":40}},"14":{"start":{"line":33,"column":15},"end":{"line":33,"column":46}},"15":{"start":{"line":35,"column":13},"end":{"line":35,"column":41}},"16":{"start":{"line":37,"column":14},"end":{"line":37,"column":44}},"17":{"start":{"line":39,"column":14},"end":{"line":39,"column":42}},"18":{"start":{"line":41,"column":14},"end":{"line":41,"column":45}},"19":{"start":{"line":43,"column":10},"end":{"line":43,"column":40}},"20":{"start":{"line":45,"column":15},"end":{"line":45,"column":41}},"21":{"start":{"line":47,"column":16},"end":{"line":47,"column":48}},"22":{"start":{"line":49,"column":16},"end":{"line":49,"column":43}},"23":{"start":{"line":51,"column":16},"end":{"line":51,"column":49}},"24":{"start":{"line":53,"column":39},"end":{"line":53,"column":93}},"25":{"start":{"line":55,"column":0},"end":{"line":55,"column":26}},"26":{"start":{"line":58,"column":0},"end":{"line":58,"column":24}},"27":{"start":{"line":61,"column":10},"end":{"line":61,"column":34}},"28":{"start":{"line":62,"column":14},"end":{"line":62,"column":40}},"29":{"start":{"line":63,"column":14},"end":{"line":63,"column":40}},"30":{"start":{"line":65,"column":18},"end":{"line":65,"column":38}},"31":{"start":{"line":66,"column":12},"end":{"line":66,"column":40}},"32":{"start":{"line":68,"column":0},"end":{"line":70,"column":1}},"33":{"start":{"line":69,"column":4},"end":{"line":69,"column":42}},"34":{"start":{"line":73,"column":0},"end":{"line":73,"column":59}},"35":{"start":{"line":74,"column":0},"end":{"line":74,"column":37}},"36":{"start":{"line":77,"column":0},"end":{"line":77,"column":54}},"37":{"start":{"line":78,"column":0},"end":{"line":78,"column":73}},"38":{"start":{"line":81,"column":0},"end":{"line":81,"column":54}},"39":{"start":{"line":82,"column":0},"end":{"line":82,"column":73}},"40":{"start":{"line":85,"column":0},"end":{"line":85,"column":50}},"41":{"start":{"line":88,"column":0},"end":{"line":88,"column":50}},"42":{"start":{"line":90,"column":0},"end":{"line":97,"column":3}},"43":{"start":{"line":91,"column":17},"end":{"line":91,"column":20}},"44":{"start":{"line":92,"column":17},"end":{"line":95,"column":5}},"45":{"start":{"line":96,"column":4},"end":{"line":96,"column":36}},"46":{"start":{"line":99,"column":0},"end":{"line":101,"column":3}},"47":{"start":{"line":100,"column":4},"end":{"line":100,"column":67}},"48":{"start":{"line":103,"column":0},"end":{"line":103,"column":22}}},"fnMap":{"0":{"name":"_interopRequireDefault","decl":{"start":{"line":53,"column":9},"end":{"line":53,"column":31}},"loc":{"start":{"line":53,"column":37},"end":{"line":53,"column":95}},"line":53},"1":{"name":"(anonymous_1)","decl":{"start":{"line":90,"column":13},"end":{"line":90,"column":14}},"loc":{"start":{"line":90,"column":33},"end":{"line":97,"column":1}},"line":90},"2":{"name":"(anonymous_2)","decl":{"start":{"line":99,"column":28},"end":{"line":99,"column":29}},"loc":{"start":{"line":99,"column":40},"end":{"line":101,"column":1}},"line":99}},"branchMap":{"0":{"loc":{"start":{"line":53,"column":46},"end":{"line":53,"column":92}},"type":"cond-expr","locations":[{"start":{"line":53,"column":70},"end":{"line":53,"column":73}},{"start":{"line":53,"column":76},"end":{"line":53,"column":92}}],"line":53},"1":{"loc":{"start":{"line":53,"column":46},"end":{"line":53,"column":67}},"type":"binary-expr","locations":[{"start":{"line":53,"column":46},"end":{"line":53,"column":49}},{"start":{"line":53,"column":53},"end":{"line":53,"column":67}}],"line":53},"2":{"loc":{"start":{"line":68,"column":0},"end":{"line":70,"column":1}},"type":"if","locations":[{"start":{"line":68,"column":0},"end":{"line":70,"column":1}},{"start":{"line":68,"column":0},"end":{"line":70,"column":1}}],"line":68}},"s":{"0":1,"1":1,"2":1,"3":1,"4":1,"5":1,"6":1,"7":1,"8":1,"9":1,"10":1,"11":1,"12":1,"13":1,"14":1,"15":1,"16":1,"17":1,"18":1,"19":1,"20":1,"21":1,"22":1,"23":1,"24":10,"25":1,"26":1,"27":1,"28":1,"29":1,"30":1,"31":1,"32":1,"33":1,"34":1,"35":1,"36":1,"37":1,"38":1,"39":1,"40":1,"41":1,"42":1,"43":0,"44":0,"45":0,"46":1,"47":1,"48":1},"f":{"0":10,"1":0,"2":1},"b":{"0":[3,7],"1":[10,10],"2":[1,0]},"_coverageSchema":"43e27e138ebf9cfc5966b082cf9a028302ed4184","hash":"c4b95c0dcd79ec586269bc7d605c60a052faa4f7","contentHash":"d777298ceafee00c72540ab5c0979bb41eaf3bdcbc4e64346efad910e45afc32"},"/home/premices/andella/interview/EPIC-Mail/server/config/config.js":{"path":"/home/premices/andella/interview/EPIC-Mail/server/config/config.js","statementMap":{"0":{"start":{"line":3,"column":0},"end":{"line":5,"column":3}},"1":{"start":{"line":6,"column":14},"end":{"line":11,"column":1}},"2":{"start":{"line":13,"column":0},"end":{"line":13,"column":26}}},"fnMap":{},"branchMap":{"0":{"loc":{"start":{"line":8,"column":14},"end":{"line":8,"column":38}},"type":"binary-expr","locations":[{"start":{"line":8,"column":14},"end":{"line":8,"column":30}},{"start":{"line":8,"column":34},"end":{"line":8,"column":38}}],"line":8}},"s":{"0":1,"1":1,"2":1},"f":{},"b":{"0":[1,1]},"_coverageSchema":"43e27e138ebf9cfc5966b082cf9a028302ed4184","hash":"6401a034fc867205d2020744711402f3164aaae9","contentHash":"a4311f189190f84cde766339496ba24ce54596ade09574e96e0b0d89d549bc1e"},"/home/premices/andella/interview/EPIC-Mail/server/routes/v1/index.js":{"path":"/home/premices/andella/interview/EPIC-Mail/server/routes/v1/index.js","statementMap":{"0":{"start":{"line":3,"column":0},"end":{"line":5,"column":3}},"1":{"start":{"line":7,"column":13},"end":{"line":7,"column":31}},"2":{"start":{"line":9,"column":14},"end":{"line":9,"column":44}},"3":{"start":{"line":11,"column":16},"end":{"line":11,"column":37}},"4":{"start":{"line":13,"column":17},"end":{"line":13,"column":50}},"5":{"start":{"line":15,"column":39},"end":{"line":15,"column":93}},"6":{"start":{"line":17,"column":13},"end":{"line":21,"column":1}},"7":{"start":{"line":18,"column":4},"end":{"line":18,"column":33}},"8":{"start":{"line":19,"column":4},"end":{"line":19,"column":36}},"9":{"start":{"line":20,"column":4},"end":{"line":20,"column":18}},"10":{"start":{"line":23,"column":0},"end":{"line":23,"column":25}}},"fnMap":{"0":{"name":"_interopRequireDefault","decl":{"start":{"line":15,"column":9},"end":{"line":15,"column":31}},"loc":{"start":{"line":15,"column":37},"end":{"line":15,"column":95}},"line":15},"1":{"name":"routes","decl":{"start":{"line":17,"column":22},"end":{"line":17,"column":28}},"loc":{"start":{"line":17,"column":37},"end":{"line":21,"column":1}},"line":17}},"branchMap":{"0":{"loc":{"start":{"line":15,"column":46},"end":{"line":15,"column":92}},"type":"cond-expr","locations":[{"start":{"line":15,"column":70},"end":{"line":15,"column":73}},{"start":{"line":15,"column":76},"end":{"line":15,"column":92}}],"line":15},"1":{"loc":{"start":{"line":15,"column":46},"end":{"line":15,"column":67}},"type":"binary-expr","locations":[{"start":{"line":15,"column":46},"end":{"line":15,"column":49}},{"start":{"line":15,"column":53},"end":{"line":15,"column":67}}],"line":15}},"s":{"0":1,"1":1,"2":1,"3":1,"4":1,"5":2,"6":1,"7":1,"8":1,"9":1,"10":1},"f":{"0":2,"1":1},"b":{"0":[2,0],"1":[2,2]},"_coverageSchema":"43e27e138ebf9cfc5966b082cf9a028302ed4184","hash":"e3e6d990e10f5bd1624ca86d4747ceee2e7140ac","contentHash":"7f07681067b9f65d0b61f183c932d849c111350cf0dd964032b130a9bc053b12"},"/home/premices/andella/interview/EPIC-Mail/server/routes/v1/users.js":{"path":"/home/premices/andella/interview/EPIC-Mail/server/routes/v1/users.js","statementMap":{"0":{"start":{"line":3,"column":0},"end":{"line":5,"column":3}},"1":{"start":{"line":7,"column":13},"end":{"line":7,"column":50}},"2":{"start":{"line":9,"column":14},"end":{"line":9,"column":44}},"3":{"start":{"line":11,"column":39},"end":{"line":11,"column":93}},"4":{"start":{"line":13,"column":11},"end":{"line":17,"column":1}},"5":{"start":{"line":14,"column":4},"end":{"line":14,"column":62}},"6":{"start":{"line":15,"column":4},"end":{"line":15,"column":60}},"7":{"start":{"line":16,"column":4},"end":{"line":16,"column":57}},"8":{"start":{"line":19,"column":0},"end":{"line":19,"column":23}}},"fnMap":{"0":{"name":"_interopRequireDefault","decl":{"start":{"line":11,"column":9},"end":{"line":11,"column":31}},"loc":{"start":{"line":11,"column":37},"end":{"line":11,"column":95}},"line":11},"1":{"name":"goTo","decl":{"start":{"line":13,"column":20},"end":{"line":13,"column":24}},"loc":{"start":{"line":13,"column":33},"end":{"line":17,"column":1}},"line":13}},"branchMap":{"0":{"loc":{"start":{"line":11,"column":46},"end":{"line":11,"column":92}},"type":"cond-expr","locations":[{"start":{"line":11,"column":70},"end":{"line":11,"column":73}},{"start":{"line":11,"column":76},"end":{"line":11,"column":92}}],"line":11},"1":{"loc":{"start":{"line":11,"column":46},"end":{"line":11,"column":67}},"type":"binary-expr","locations":[{"start":{"line":11,"column":46},"end":{"line":11,"column":49}},{"start":{"line":11,"column":53},"end":{"line":11,"column":67}}],"line":11}},"s":{"0":1,"1":1,"2":1,"3":1,"4":1,"5":1,"6":1,"7":1,"8":1},"f":{"0":1,"1":1},"b":{"0":[1,0],"1":[1,1]},"_coverageSchema":"43e27e138ebf9cfc5966b082cf9a028302ed4184","hash":"1d330be16aa27851e704e485272ebbf175895eec","contentHash":"d9e276d98d81301e1796833e442e22db78da7300244f8d770647a1d62d747c4c"},"/home/premices/andella/interview/EPIC-Mail/server/controllers/v1/users.js":{"path":"/home/premices/andella/interview/EPIC-Mail/server/controllers/v1/users.js","statementMap":{"0":{"start":{"line":3,"column":0},"end":{"line":5,"column":3}},"1":{"start":{"line":7,"column":20},"end":{"line":7,"column":43}},"2":{"start":{"line":9,"column":21},"end":{"line":9,"column":58}},"3":{"start":{"line":11,"column":11},"end":{"line":11,"column":25}},"4":{"start":{"line":13,"column":12},"end":{"line":13,"column":40}},"5":{"start":{"line":15,"column":13},"end":{"line":15,"column":45}},"6":{"start":{"line":17,"column":39},"end":{"line":17,"column":93}},"7":{"start":{"line":19,"column":33},"end":{"line":19,"column":456}},"8":{"start":{"line":19,"column":64},"end":{"line":19,"column":89}},"9":{"start":{"line":19,"column":91},"end":{"line":19,"column":453}},"10":{"start":{"line":19,"column":165},"end":{"line":19,"column":263}},"11":{"start":{"line":19,"column":182},"end":{"line":19,"column":195}},"12":{"start":{"line":19,"column":209},"end":{"line":19,"column":219}},"13":{"start":{"line":19,"column":239},"end":{"line":19,"column":253}},"14":{"start":{"line":19,"column":254},"end":{"line":19,"column":261}},"15":{"start":{"line":19,"column":264},"end":{"line":19,"column":426}},"16":{"start":{"line":19,"column":281},"end":{"line":19,"column":296}},"17":{"start":{"line":19,"column":306},"end":{"line":19,"column":424}},"18":{"start":{"line":19,"column":360},"end":{"line":19,"column":380}},"19":{"start":{"line":19,"column":401},"end":{"line":19,"column":420}},"20":{"start":{"line":19,"column":429},"end":{"line":19,"column":449}},"21":{"start":{"line":21,"column":18},"end":{"line":32,"column":1}},"22":{"start":{"line":22,"column":19},"end":{"line":25,"column":5}},"23":{"start":{"line":26,"column":20},"end":{"line":26,"column":39}},"24":{"start":{"line":27,"column":18},"end":{"line":29,"column":5}},"25":{"start":{"line":30,"column":16},"end":{"line":30,"column":73}},"26":{"start":{"line":31,"column":4},"end":{"line":31,"column":17}},"27":{"start":{"line":34,"column":19},"end":{"line":262,"column":1}},"28":{"start":{"line":37,"column":19},"end":{"line":124,"column":11}},"29":{"start":{"line":39,"column":12},"end":{"line":123,"column":36}},"30":{"start":{"line":40,"column":16},"end":{"line":122,"column":17}},"31":{"start":{"line":41,"column":20},"end":{"line":121,"column":21}},"32":{"start":{"line":43,"column":28},"end":{"line":43,"column":40}},"33":{"start":{"line":44,"column":28},"end":{"line":44,"column":41}},"34":{"start":{"line":47,"column":28},"end":{"line":47,"column":44}},"35":{"start":{"line":51,"column":28},"end":{"line":56,"column":31}},"36":{"start":{"line":59,"column":28},"end":{"line":116,"column":33}},"37":{"start":{"line":60,"column":44},"end":{"line":111,"column":35}},"38":{"start":{"line":63,"column":36},"end":{"line":110,"column":70}},"39":{"start":{"line":64,"column":40},"end":{"line":109,"column":41}},"40":{"start":{"line":65,"column":44},"end":{"line":108,"column":45}},"41":{"start":{"line":67,"column":52},"end":{"line":70,"column":53}},"42":{"start":{"line":68,"column":56},"end":{"line":68,"column":74}},"43":{"start":{"line":69,"column":56},"end":{"line":69,"column":62}},"44":{"start":{"line":72,"column":52},"end":{"line":77,"column":55}},"45":{"start":{"line":78,"column":52},"end":{"line":78,"column":71}},"46":{"start":{"line":79,"column":52},"end":{"line":79,"column":58}},"47":{"start":{"line":82,"column":52},"end":{"line":82,"column":160}},"48":{"start":{"line":83,"column":52},"end":{"line":83,"column":70}},"49":{"start":{"line":84,"column":52},"end":{"line":84,"column":70}},"50":{"start":{"line":85,"column":52},"end":{"line":85,"column":115}},"51":{"start":{"line":88,"column":52},"end":{"line":88,"column":77}},"52":{"start":{"line":89,"column":52},"end":{"line":89,"column":82}},"53":{"start":{"line":91,"column":52},"end":{"line":91,"column":75}},"54":{"start":{"line":92,"column":52},"end":{"line":94,"column":55}},"55":{"start":{"line":95,"column":52},"end":{"line":95,"column":84}},"56":{"start":{"line":96,"column":52},"end":{"line":96,"column":71}},"57":{"start":{"line":97,"column":52},"end":{"line":97,"column":58}},"58":{"start":{"line":100,"column":52},"end":{"line":100,"column":71}},"59":{"start":{"line":101,"column":52},"end":{"line":101,"column":87}},"60":{"start":{"line":103,"column":52},"end":{"line":103,"column":100}},"61":{"start":{"line":107,"column":52},"end":{"line":107,"column":75}},"62":{"start":{"line":113,"column":32},"end":{"line":115,"column":34}},"63":{"start":{"line":114,"column":36},"end":{"line":114,"column":72}},"64":{"start":{"line":120,"column":28},"end":{"line":120,"column":52}},"65":{"start":{"line":127,"column":12},"end":{"line":127,"column":47}},"66":{"start":{"line":130,"column":8},"end":{"line":130,"column":22}},"67":{"start":{"line":134,"column":20},"end":{"line":246,"column":11}},"68":{"start":{"line":136,"column":12},"end":{"line":245,"column":36}},"69":{"start":{"line":137,"column":16},"end":{"line":244,"column":17}},"70":{"start":{"line":138,"column":20},"end":{"line":243,"column":21}},"71":{"start":{"line":140,"column":28},"end":{"line":140,"column":40}},"72":{"start":{"line":142,"column":28},"end":{"line":142,"column":41}},"73":{"start":{"line":143,"column":28},"end":{"line":143,"column":47}},"74":{"start":{"line":146,"column":28},"end":{"line":146,"column":44}},"75":{"start":{"line":147,"column":28},"end":{"line":147,"column":47}},"76":{"start":{"line":151,"column":28},"end":{"line":157,"column":29}},"77":{"start":{"line":152,"column":32},"end":{"line":156,"column":35}},"78":{"start":{"line":158,"column":28},"end":{"line":164,"column":29}},"79":{"start":{"line":159,"column":32},"end":{"line":163,"column":35}},"80":{"start":{"line":165,"column":28},"end":{"line":238,"column":33}},"81":{"start":{"line":166,"column":44},"end":{"line":233,"column":35}},"82":{"start":{"line":169,"column":36},"end":{"line":232,"column":71}},"83":{"start":{"line":170,"column":40},"end":{"line":231,"column":41}},"84":{"start":{"line":171,"column":44},"end":{"line":230,"column":45}},"85":{"start":{"line":173,"column":52},"end":{"line":176,"column":53}},"86":{"start":{"line":174,"column":56},"end":{"line":174,"column":75}},"87":{"start":{"line":175,"column":56},"end":{"line":175,"column":62}},"88":{"start":{"line":178,"column":52},"end":{"line":183,"column":55}},"89":{"start":{"line":184,"column":52},"end":{"line":184,"column":72}},"90":{"start":{"line":185,"column":52},"end":{"line":185,"column":58}},"91":{"start":{"line":189,"column":52},"end":{"line":189,"column":67}},"92":{"start":{"line":193,"column":52},"end":{"line":198,"column":53}},"93":{"start":{"line":194,"column":56},"end":{"line":194,"column":142}},"94":{"start":{"line":196,"column":56},"end":{"line":196,"column":81}},"95":{"start":{"line":197,"column":56},"end":{"line":197,"column":77}},"96":{"start":{"line":199,"column":52},"end":{"line":204,"column":53}},"97":{"start":{"line":200,"column":56},"end":{"line":200,"column":138}},"98":{"start":{"line":202,"column":56},"end":{"line":202,"column":78}},"99":{"start":{"line":203,"column":56},"end":{"line":203,"column":79}},"100":{"start":{"line":205,"column":52},"end":{"line":205,"column":71}},"101":{"start":{"line":206,"column":52},"end":{"line":206,"column":72}},"102":{"start":{"line":207,"column":52},"end":{"line":207,"column":106}},"103":{"start":{"line":210,"column":52},"end":{"line":210,"column":78}},"104":{"start":{"line":211,"column":52},"end":{"line":211,"column":82}},"105":{"start":{"line":213,"column":52},"end":{"line":213,"column":75}},"106":{"start":{"line":214,"column":52},"end":{"line":216,"column":55}},"107":{"start":{"line":217,"column":52},"end":{"line":217,"column":84}},"108":{"start":{"line":218,"column":52},"end":{"line":218,"column":72}},"109":{"start":{"line":219,"column":52},"end":{"line":219,"column":58}},"110":{"start":{"line":222,"column":52},"end":{"line":222,"column":72}},"111":{"start":{"line":223,"column":52},"end":{"line":223,"column":89}},"112":{"start":{"line":225,"column":52},"end":{"line":225,"column":106}},"113":{"start":{"line":229,"column":52},"end":{"line":229,"column":76}},"114":{"start":{"line":235,"column":32},"end":{"line":237,"column":34}},"115":{"start":{"line":236,"column":36},"end":{"line":236,"column":72}},"116":{"start":{"line":242,"column":28},"end":{"line":242,"column":52}},"117":{"start":{"line":249,"column":12},"end":{"line":249,"column":48}},"118":{"start":{"line":252,"column":8},"end":{"line":252,"column":21}},"119":{"start":{"line":255,"column":21},"end":{"line":255,"column":24}},"120":{"start":{"line":256,"column":21},"end":{"line":259,"column":9}},"121":{"start":{"line":260,"column":8},"end":{"line":260,"column":40}},"122":{"start":{"line":264,"column":0},"end":{"line":264,"column":31}}},"fnMap":{"0":{"name":"_interopRequireDefault","decl":{"start":{"line":17,"column":9},"end":{"line":17,"column":31}},"loc":{"start":{"line":17,"column":37},"end":{"line":17,"column":95}},"line":17},"1":{"name":"_asyncToGenerator","decl":{"start":{"line":19,"column":9},"end":{"line":19,"column":26}},"loc":{"start":{"line":19,"column":31},"end":{"line":19,"column":458}},"line":19},"2":{"name":"(anonymous_2)","decl":{"start":{"line":19,"column":40},"end":{"line":19,"column":41}},"loc":{"start":{"line":19,"column":52},"end":{"line":19,"column":455}},"line":19},"3":{"name":"(anonymous_3)","decl":{"start":{"line":19,"column":110},"end":{"line":19,"column":111}},"loc":{"start":{"line":19,"column":137},"end":{"line":19,"column":451}},"line":19},"4":{"name":"step","decl":{"start":{"line":19,"column":148},"end":{"line":19,"column":152}},"loc":{"start":{"line":19,"column":163},"end":{"line":19,"column":428}},"line":19},"5":{"name":"(anonymous_5)","decl":{"start":{"line":19,"column":341},"end":{"line":19,"column":342}},"loc":{"start":{"line":19,"column":358},"end":{"line":19,"column":382}},"line":19},"6":{"name":"(anonymous_6)","decl":{"start":{"line":19,"column":384},"end":{"line":19,"column":385}},"loc":{"start":{"line":19,"column":399},"end":{"line":19,"column":422}},"line":19},"7":{"name":"createToken","decl":{"start":{"line":21,"column":27},"end":{"line":21,"column":38}},"loc":{"start":{"line":21,"column":49},"end":{"line":32,"column":1}},"line":21},"8":{"name":"(anonymous_8)","decl":{"start":{"line":36,"column":12},"end":{"line":36,"column":13}},"loc":{"start":{"line":36,"column":24},"end":{"line":131,"column":5}},"line":36},"9":{"name":"_callee2","decl":{"start":{"line":37,"column":84},"end":{"line":37,"column":92}},"loc":{"start":{"line":37,"column":103},"end":{"line":124,"column":9}},"line":37},"10":{"name":"_callee2$","decl":{"start":{"line":39,"column":52},"end":{"line":39,"column":61}},"loc":{"start":{"line":39,"column":73},"end":{"line":123,"column":13}},"line":39},"11":{"name":"(anonymous_11)","decl":{"start":{"line":59,"column":68},"end":{"line":59,"column":69}},"loc":{"start":{"line":59,"column":80},"end":{"line":116,"column":29}},"line":59},"12":{"name":"_callee","decl":{"start":{"line":60,"column":109},"end":{"line":60,"column":116}},"loc":{"start":{"line":60,"column":122},"end":{"line":111,"column":33}},"line":60},"13":{"name":"_callee$","decl":{"start":{"line":63,"column":76},"end":{"line":63,"column":84}},"loc":{"start":{"line":63,"column":95},"end":{"line":110,"column":37}},"line":63},"14":{"name":"(anonymous_14)","decl":{"start":{"line":113,"column":39},"end":{"line":113,"column":40}},"loc":{"start":{"line":113,"column":54},"end":{"line":115,"column":33}},"line":113},"15":{"name":"signup","decl":{"start":{"line":126,"column":17},"end":{"line":126,"column":23}},"loc":{"start":{"line":126,"column":33},"end":{"line":128,"column":9}},"line":126},"16":{"name":"(anonymous_16)","decl":{"start":{"line":133,"column":11},"end":{"line":133,"column":12}},"loc":{"start":{"line":133,"column":23},"end":{"line":253,"column":5}},"line":133},"17":{"name":"_callee4","decl":{"start":{"line":134,"column":85},"end":{"line":134,"column":93}},"loc":{"start":{"line":134,"column":104},"end":{"line":246,"column":9}},"line":134},"18":{"name":"_callee4$","decl":{"start":{"line":136,"column":52},"end":{"line":136,"column":61}},"loc":{"start":{"line":136,"column":73},"end":{"line":245,"column":13}},"line":136},"19":{"name":"(anonymous_19)","decl":{"start":{"line":165,"column":68},"end":{"line":165,"column":69}},"loc":{"start":{"line":165,"column":80},"end":{"line":238,"column":29}},"line":165},"20":{"name":"_callee3","decl":{"start":{"line":166,"column":109},"end":{"line":166,"column":117}},"loc":{"start":{"line":166,"column":123},"end":{"line":233,"column":33}},"line":166},"21":{"name":"_callee3$","decl":{"start":{"line":169,"column":76},"end":{"line":169,"column":85}},"loc":{"start":{"line":169,"column":97},"end":{"line":232,"column":37}},"line":169},"22":{"name":"(anonymous_22)","decl":{"start":{"line":235,"column":39},"end":{"line":235,"column":40}},"loc":{"start":{"line":235,"column":54},"end":{"line":237,"column":33}},"line":235},"23":{"name":"login","decl":{"start":{"line":248,"column":17},"end":{"line":248,"column":22}},"loc":{"start":{"line":248,"column":33},"end":{"line":250,"column":9}},"line":248},"24":{"name":"welcomMessage","decl":{"start":{"line":254,"column":28},"end":{"line":254,"column":41}},"loc":{"start":{"line":254,"column":52},"end":{"line":261,"column":5}},"line":254}},"branchMap":{"0":{"loc":{"start":{"line":17,"column":46},"end":{"line":17,"column":92}},"type":"cond-expr","locations":[{"start":{"line":17,"column":70},"end":{"line":17,"column":73}},{"start":{"line":17,"column":76},"end":{"line":17,"column":92}}],"line":17},"1":{"loc":{"start":{"line":17,"column":46},"end":{"line":17,"column":67}},"type":"binary-expr","locations":[{"start":{"line":17,"column":46},"end":{"line":17,"column":49}},{"start":{"line":17,"column":53},"end":{"line":17,"column":67}}],"line":17},"2":{"loc":{"start":{"line":19,"column":264},"end":{"line":19,"column":426}},"type":"if","locations":[{"start":{"line":19,"column":264},"end":{"line":19,"column":426}},{"start":{"line":19,"column":264},"end":{"line":19,"column":426}}],"line":19},"3":{"loc":{"start":{"line":41,"column":20},"end":{"line":121,"column":21}},"type":"switch","locations":[{"start":{"line":42,"column":24},"end":{"line":116,"column":33}},{"start":{"line":118,"column":24},"end":{"line":118,"column":31}},{"start":{"line":119,"column":24},"end":{"line":120,"column":52}}],"line":41},"4":{"loc":{"start":{"line":65,"column":44},"end":{"line":108,"column":45}},"type":"switch","locations":[{"start":{"line":66,"column":48},"end":{"line":79,"column":58}},{"start":{"line":81,"column":48},"end":{"line":85,"column":115}},{"start":{"line":87,"column":48},"end":{"line":97,"column":58}},{"start":{"line":99,"column":48},"end":{"line":103,"column":100}},{"start":{"line":105,"column":48},"end":{"line":105,"column":56}},{"start":{"line":106,"column":48},"end":{"line":107,"column":75}}],"line":65},"5":{"loc":{"start":{"line":67,"column":52},"end":{"line":70,"column":53}},"type":"if","locations":[{"start":{"line":67,"column":52},"end":{"line":70,"column":53}},{"start":{"line":67,"column":52},"end":{"line":70,"column":53}}],"line":67},"6":{"loc":{"start":{"line":138,"column":20},"end":{"line":243,"column":21}},"type":"switch","locations":[{"start":{"line":139,"column":24},"end":{"line":238,"column":33}},{"start":{"line":240,"column":24},"end":{"line":240,"column":31}},{"start":{"line":241,"column":24},"end":{"line":242,"column":52}}],"line":138},"7":{"loc":{"start":{"line":151,"column":28},"end":{"line":157,"column":29}},"type":"if","locations":[{"start":{"line":151,"column":28},"end":{"line":157,"column":29}},{"start":{"line":151,"column":28},"end":{"line":157,"column":29}}],"line":151},"8":{"loc":{"start":{"line":158,"column":28},"end":{"line":164,"column":29}},"type":"if","locations":[{"start":{"line":158,"column":28},"end":{"line":164,"column":29}},{"start":{"line":158,"column":28},"end":{"line":164,"column":29}}],"line":158},"9":{"loc":{"start":{"line":171,"column":44},"end":{"line":230,"column":45}},"type":"switch","locations":[{"start":{"line":172,"column":48},"end":{"line":185,"column":58}},{"start":{"line":187,"column":48},"end":{"line":207,"column":106}},{"start":{"line":209,"column":48},"end":{"line":219,"column":58}},{"start":{"line":221,"column":48},"end":{"line":225,"column":106}},{"start":{"line":227,"column":48},"end":{"line":227,"column":56}},{"start":{"line":228,"column":48},"end":{"line":229,"column":76}}],"line":171},"10":{"loc":{"start":{"line":173,"column":52},"end":{"line":176,"column":53}},"type":"if","locations":[{"start":{"line":173,"column":52},"end":{"line":176,"column":53}},{"start":{"line":173,"column":52},"end":{"line":176,"column":53}}],"line":173},"11":{"loc":{"start":{"line":193,"column":52},"end":{"line":198,"column":53}},"type":"if","locations":[{"start":{"line":193,"column":52},"end":{"line":198,"column":53}},{"start":{"line":193,"column":52},"end":{"line":198,"column":53}}],"line":193},"12":{"loc":{"start":{"line":199,"column":52},"end":{"line":204,"column":53}},"type":"if","locations":[{"start":{"line":199,"column":52},"end":{"line":204,"column":53}},{"start":{"line":199,"column":52},"end":{"line":204,"column":53}}],"line":199}},"s":{"0":1,"1":1,"2":1,"3":1,"4":1,"5":1,"6":2,"7":12,"8":20,"9":20,"10":30,"11":30,"12":30,"13":0,"14":0,"15":30,"16":20,"17":10,"18":10,"19":0,"20":20,"21":1,"22":10,"23":10,"24":10,"25":10,"26":10,"27":1,"28":1,"29":7,"30":7,"31":7,"32":7,"33":7,"34":7,"35":7,"36":7,"37":7,"38":7,"39":14,"40":28,"41":7,"42":7,"43":7,"44":0,"45":0,"46":0,"47":7,"48":7,"49":7,"50":7,"51":7,"52":7,"53":7,"54":7,"55":7,"56":7,"57":7,"58":0,"59":0,"60":0,"61":7,"62":7,"63":7,"64":7,"65":7,"66":1,"67":1,"68":3,"69":3,"70":3,"71":3,"72":3,"73":3,"74":3,"75":3,"76":3,"77":3,"78":3,"79":0,"80":3,"81":3,"82":3,"83":6,"84":12,"85":3,"86":3,"87":3,"88":0,"89":0,"90":0,"91":3,"92":3,"93":3,"94":3,"95":3,"96":3,"97":0,"98":0,"99":0,"100":3,"101":3,"102":3,"103":3,"104":3,"105":3,"106":3,"107":3,"108":3,"109":3,"110":0,"111":0,"112":0,"113":3,"114":3,"115":3,"116":3,"117":3,"118":1,"119":0,"120":0,"121":0,"122":1},"f":{"0":2,"1":12,"2":20,"3":20,"4":30,"5":10,"6":0,"7":10,"8":1,"9":7,"10":7,"11":7,"12":7,"13":14,"14":7,"15":7,"16":1,"17":3,"18":3,"19":3,"20":3,"21":6,"22":3,"23":3,"24":0},"b":{"0":[0,2],"1":[2,2],"2":[20,10],"3":[7,7,7],"4":[7,7,7,0,7,7],"5":[7,0],"6":[3,3,3],"7":[3,0],"8":[0,3],"9":[3,3,3,0,3,3],"10":[3,0],"11":[3,0],"12":[0,3]},"_coverageSchema":"43e27e138ebf9cfc5966b082cf9a028302ed4184","hash":"36620fc762d745b1d98c497316d2d238d9064855","contentHash":"ce217cb6231562b999cce72b29735bc9990394216c4bac9278b5207a72bbb64b"},"/home/premices/andella/interview/EPIC-Mail/server/models/v1/users.js":{"path":"/home/premices/andella/interview/EPIC-Mail/server/models/v1/users.js","statementMap":{"0":{"start":{"line":3,"column":0},"end":{"line":5,"column":3}},"1":{"start":{"line":6,"column":0},"end":{"line":6,"column":71}},"2":{"start":{"line":8,"column":14},"end":{"line":8,"column":31}},"3":{"start":{"line":10,"column":15},"end":{"line":10,"column":46}},"4":{"start":{"line":12,"column":14},"end":{"line":12,"column":44}},"5":{"start":{"line":14,"column":15},"end":{"line":14,"column":46}},"6":{"start":{"line":16,"column":39},"end":{"line":16,"column":93}},"7":{"start":{"line":18,"column":50},"end":{"line":18,"column":151}},"8":{"start":{"line":18,"column":92},"end":{"line":18,"column":149}},"9":{"start":{"line":21,"column":18},"end":{"line":31,"column":1}},"10":{"start":{"line":22,"column":4},"end":{"line":22,"column":39}},"11":{"start":{"line":24,"column":4},"end":{"line":24,"column":17}},"12":{"start":{"line":25,"column":4},"end":{"line":25,"column":23}},"13":{"start":{"line":26,"column":4},"end":{"line":26,"column":29}},"14":{"start":{"line":27,"column":4},"end":{"line":27,"column":31}},"15":{"start":{"line":28,"column":4},"end":{"line":28,"column":29}},"16":{"start":{"line":29,"column":4},"end":{"line":29,"column":29}},"17":{"start":{"line":30,"column":4},"end":{"line":30,"column":23}},"18":{"start":{"line":35,"column":19},"end":{"line":35,"column":21}},"19":{"start":{"line":36,"column":9},"end":{"line":36,"column":10}},"20":{"start":{"line":39,"column":15},"end":{"line":56,"column":1}},"21":{"start":{"line":40,"column":4},"end":{"line":55,"column":7}},"22":{"start":{"line":43,"column":23},"end":{"line":43,"column":101}},"23":{"start":{"line":46,"column":8},"end":{"line":54,"column":11}},"24":{"start":{"line":47,"column":12},"end":{"line":53,"column":13}},"25":{"start":{"line":47,"column":21},"end":{"line":47,"column":33}},"26":{"start":{"line":48,"column":16},"end":{"line":48,"column":41}},"27":{"start":{"line":49,"column":16},"end":{"line":49,"column":39}},"28":{"start":{"line":50,"column":16},"end":{"line":50,"column":44}},"29":{"start":{"line":51,"column":16},"end":{"line":51,"column":42}},"30":{"start":{"line":52,"column":16},"end":{"line":52,"column":63}},"31":{"start":{"line":58,"column":15},"end":{"line":80,"column":1}},"32":{"start":{"line":59,"column":4},"end":{"line":79,"column":7}},"33":{"start":{"line":61,"column":23},"end":{"line":65,"column":10}},"34":{"start":{"line":62,"column":12},"end":{"line":62,"column":49}},"35":{"start":{"line":64,"column":12},"end":{"line":64,"column":46}},"36":{"start":{"line":68,"column":8},"end":{"line":78,"column":11}},"37":{"start":{"line":69,"column":12},"end":{"line":77,"column":13}},"38":{"start":{"line":70,"column":16},"end":{"line":70,"column":34}},"39":{"start":{"line":72,"column":28},"end":{"line":75,"column":17}},"40":{"start":{"line":76,"column":16},"end":{"line":76,"column":30}},"41":{"start":{"line":82,"column":0},"end":{"line":82,"column":28}},"42":{"start":{"line":83,"column":0},"end":{"line":83,"column":28}},"43":{"start":{"line":84,"column":0},"end":{"line":84,"column":36}}},"fnMap":{"0":{"name":"_interopRequireDefault","decl":{"start":{"line":16,"column":9},"end":{"line":16,"column":31}},"loc":{"start":{"line":16,"column":37},"end":{"line":16,"column":95}},"line":16},"1":{"name":"_classCallCheck","decl":{"start":{"line":18,"column":9},"end":{"line":18,"column":24}},"loc":{"start":{"line":18,"column":48},"end":{"line":18,"column":153}},"line":18},"2":{"name":"UsersSchema","decl":{"start":{"line":21,"column":27},"end":{"line":21,"column":38}},"loc":{"start":{"line":21,"column":98},"end":{"line":31,"column":1}},"line":21},"3":{"name":"saveUser","decl":{"start":{"line":39,"column":24},"end":{"line":39,"column":32}},"loc":{"start":{"line":39,"column":81},"end":{"line":56,"column":1}},"line":39},"4":{"name":"(anonymous_4)","decl":{"start":{"line":40,"column":23},"end":{"line":40,"column":24}},"loc":{"start":{"line":40,"column":50},"end":{"line":55,"column":5}},"line":40},"5":{"name":"(anonymous_5)","decl":{"start":{"line":46,"column":84},"end":{"line":46,"column":85}},"loc":{"start":{"line":46,"column":105},"end":{"line":54,"column":9}},"line":46},"6":{"name":"findUser","decl":{"start":{"line":58,"column":24},"end":{"line":58,"column":32}},"loc":{"start":{"line":58,"column":58},"end":{"line":80,"column":1}},"line":58},"7":{"name":"(anonymous_7)","decl":{"start":{"line":59,"column":23},"end":{"line":59,"column":24}},"loc":{"start":{"line":59,"column":50},"end":{"line":79,"column":5}},"line":59},"8":{"name":"(anonymous_8)","decl":{"start":{"line":61,"column":41},"end":{"line":61,"column":42}},"loc":{"start":{"line":61,"column":55},"end":{"line":63,"column":9}},"line":61},"9":{"name":"(anonymous_9)","decl":{"start":{"line":63,"column":32},"end":{"line":63,"column":33}},"loc":{"start":{"line":63,"column":46},"end":{"line":65,"column":9}},"line":63},"10":{"name":"(anonymous_10)","decl":{"start":{"line":68,"column":67},"end":{"line":68,"column":68}},"loc":{"start":{"line":68,"column":84},"end":{"line":78,"column":9}},"line":68}},"branchMap":{"0":{"loc":{"start":{"line":16,"column":46},"end":{"line":16,"column":92}},"type":"cond-expr","locations":[{"start":{"line":16,"column":70},"end":{"line":16,"column":73}},{"start":{"line":16,"column":76},"end":{"line":16,"column":92}}],"line":16},"1":{"loc":{"start":{"line":16,"column":46},"end":{"line":16,"column":67}},"type":"binary-expr","locations":[{"start":{"line":16,"column":46},"end":{"line":16,"column":49}},{"start":{"line":16,"column":53},"end":{"line":16,"column":67}}],"line":16},"2":{"loc":{"start":{"line":18,"column":50},"end":{"line":18,"column":151}},"type":"if","locations":[{"start":{"line":18,"column":50},"end":{"line":18,"column":151}},{"start":{"line":18,"column":50},"end":{"line":18,"column":151}}],"line":18},"3":{"loc":{"start":{"line":47,"column":12},"end":{"line":53,"column":13}},"type":"if","locations":[{"start":{"line":47,"column":12},"end":{"line":53,"column":13}},{"start":{"line":47,"column":12},"end":{"line":53,"column":13}}],"line":47},"4":{"loc":{"start":{"line":61,"column":23},"end":{"line":65,"column":10}},"type":"binary-expr","locations":[{"start":{"line":61,"column":23},"end":{"line":63,"column":10}},{"start":{"line":63,"column":14},"end":{"line":65,"column":10}}],"line":61},"5":{"loc":{"start":{"line":69,"column":12},"end":{"line":77,"column":13}},"type":"if","locations":[{"start":{"line":69,"column":12},"end":{"line":77,"column":13}},{"start":{"line":69,"column":12},"end":{"line":77,"column":13}}],"line":69}},"s":{"0":1,"1":1,"2":1,"3":1,"4":1,"5":1,"6":2,"7":7,"8":0,"9":1,"10":7,"11":7,"12":7,"13":7,"14":7,"15":7,"16":7,"17":7,"18":1,"19":1,"20":1,"21":7,"22":7,"23":7,"24":7,"25":0,"26":7,"27":7,"28":7,"29":7,"30":7,"31":1,"32":3,"33":3,"34":3,"35":0,"36":3,"37":3,"38":3,"39":0,"40":0,"41":1,"42":1,"43":1},"f":{"0":2,"1":7,"2":7,"3":7,"4":7,"5":7,"6":3,"7":3,"8":3,"9":0,"10":3},"b":{"0":[1,1],"1":[2,2],"2":[0,7],"3":[0,7],"4":[3,0],"5":[3,0]},"_coverageSchema":"43e27e138ebf9cfc5966b082cf9a028302ed4184","hash":"15d85e49e6ed07c9d2ce46ae40a6cb37fe449e16","contentHash":"46ec43e7b48487a661c255c36cb311070ce89f97e5f8874a34884a26ff0588ef"},"/home/premices/andella/interview/EPIC-Mail/server/routes/v1/messages.js":{"path":"/home/premices/andella/interview/EPIC-Mail/server/routes/v1/messages.js","statementMap":{"0":{"start":{"line":3,"column":0},"end":{"line":5,"column":3}},"1":{"start":{"line":7,"column":16},"end":{"line":7,"column":56}},"2":{"start":{"line":9,"column":17},"end":{"line":9,"column":50}},"3":{"start":{"line":11,"column":39},"end":{"line":11,"column":93}},"4":{"start":{"line":13,"column":11},"end":{"line":21,"column":1}},"5":{"start":{"line":15,"column":4},"end":{"line":15,"column":60}},"6":{"start":{"line":16,"column":4},"end":{"line":16,"column":76}},"7":{"start":{"line":17,"column":4},"end":{"line":17,"column":72}},"8":{"start":{"line":18,"column":4},"end":{"line":18,"column":72}},"9":{"start":{"line":19,"column":4},"end":{"line":19,"column":76}},"10":{"start":{"line":20,"column":4},"end":{"line":20,"column":63}},"11":{"start":{"line":23,"column":0},"end":{"line":23,"column":23}}},"fnMap":{"0":{"name":"_interopRequireDefault","decl":{"start":{"line":11,"column":9},"end":{"line":11,"column":31}},"loc":{"start":{"line":11,"column":37},"end":{"line":11,"column":95}},"line":11},"1":{"name":"goTo","decl":{"start":{"line":13,"column":20},"end":{"line":13,"column":24}},"loc":{"start":{"line":13,"column":33},"end":{"line":21,"column":1}},"line":13}},"branchMap":{"0":{"loc":{"start":{"line":11,"column":46},"end":{"line":11,"column":92}},"type":"cond-expr","locations":[{"start":{"line":11,"column":70},"end":{"line":11,"column":73}},{"start":{"line":11,"column":76},"end":{"line":11,"column":92}}],"line":11},"1":{"loc":{"start":{"line":11,"column":46},"end":{"line":11,"column":67}},"type":"binary-expr","locations":[{"start":{"line":11,"column":46},"end":{"line":11,"column":49}},{"start":{"line":11,"column":53},"end":{"line":11,"column":67}}],"line":11}},"s":{"0":1,"1":1,"2":1,"3":1,"4":1,"5":1,"6":1,"7":1,"8":1,"9":1,"10":1,"11":1},"f":{"0":1,"1":1},"b":{"0":[1,0],"1":[1,1]},"_coverageSchema":"43e27e138ebf9cfc5966b082cf9a028302ed4184","hash":"dd764b0224b86ab6092b04f505b21cce3e646405","contentHash":"c99d259e2dc182a0d3213e628da08b3369542969d7c4089b47919fa9e3e1f81b"},"/home/premices/andella/interview/EPIC-Mail/server/controllers/v1/messages.js":{"path":"/home/premices/andella/interview/EPIC-Mail/server/controllers/v1/messages.js","statementMap":{"0":{"start":{"line":3,"column":0},"end":{"line":5,"column":3}},"1":{"start":{"line":7,"column":16},"end":{"line":7,"column":51}},"2":{"start":{"line":9,"column":33},"end":{"line":9,"column":456}},"3":{"start":{"line":9,"column":64},"end":{"line":9,"column":89}},"4":{"start":{"line":9,"column":91},"end":{"line":9,"column":453}},"5":{"start":{"line":9,"column":165},"end":{"line":9,"column":263}},"6":{"start":{"line":9,"column":182},"end":{"line":9,"column":195}},"7":{"start":{"line":9,"column":209},"end":{"line":9,"column":219}},"8":{"start":{"line":9,"column":239},"end":{"line":9,"column":253}},"9":{"start":{"line":9,"column":254},"end":{"line":9,"column":261}},"10":{"start":{"line":9,"column":264},"end":{"line":9,"column":426}},"11":{"start":{"line":9,"column":281},"end":{"line":9,"column":296}},"12":{"start":{"line":9,"column":306},"end":{"line":9,"column":424}},"13":{"start":{"line":9,"column":360},"end":{"line":9,"column":380}},"14":{"start":{"line":9,"column":401},"end":{"line":9,"column":420}},"15":{"start":{"line":9,"column":429},"end":{"line":9,"column":449}},"16":{"start":{"line":11,"column":25},"end":{"line":278,"column":1}},"17":{"start":{"line":14,"column":19},"end":{"line":51,"column":11}},"18":{"start":{"line":17,"column":12},"end":{"line":50,"column":46}},"19":{"start":{"line":18,"column":16},"end":{"line":49,"column":17}},"20":{"start":{"line":19,"column":20},"end":{"line":48,"column":21}},"21":{"start":{"line":21,"column":28},"end":{"line":21,"column":40}},"22":{"start":{"line":22,"column":28},"end":{"line":22,"column":42}},"23":{"start":{"line":24,"column":28},"end":{"line":24,"column":231}},"24":{"start":{"line":25,"column":28},"end":{"line":25,"column":46}},"25":{"start":{"line":26,"column":28},"end":{"line":26,"column":46}},"26":{"start":{"line":27,"column":28},"end":{"line":27,"column":120}},"27":{"start":{"line":30,"column":28},"end":{"line":30,"column":56}},"28":{"start":{"line":32,"column":28},"end":{"line":32,"column":64}},"29":{"start":{"line":32,"column":50},"end":{"line":32,"column":64}},"30":{"start":{"line":33,"column":28},"end":{"line":33,"column":52}},"31":{"start":{"line":34,"column":28},"end":{"line":34,"column":56}},"32":{"start":{"line":35,"column":28},"end":{"line":35,"column":61}},"33":{"start":{"line":36,"column":28},"end":{"line":36,"column":47}},"34":{"start":{"line":37,"column":28},"end":{"line":37,"column":34}},"35":{"start":{"line":40,"column":28},"end":{"line":40,"column":47}},"36":{"start":{"line":41,"column":28},"end":{"line":41,"column":63}},"37":{"start":{"line":43,"column":28},"end":{"line":43,"column":67}},"38":{"start":{"line":47,"column":28},"end":{"line":47,"column":51}},"39":{"start":{"line":54,"column":12},"end":{"line":54,"column":47}},"40":{"start":{"line":57,"column":8},"end":{"line":57,"column":20}},"41":{"start":{"line":61,"column":20},"end":{"line":94,"column":11}},"42":{"start":{"line":64,"column":12},"end":{"line":93,"column":36}},"43":{"start":{"line":65,"column":16},"end":{"line":92,"column":17}},"44":{"start":{"line":66,"column":20},"end":{"line":91,"column":21}},"45":{"start":{"line":68,"column":28},"end":{"line":68,"column":40}},"46":{"start":{"line":69,"column":28},"end":{"line":69,"column":42}},"47":{"start":{"line":71,"column":28},"end":{"line":71,"column":47}},"48":{"start":{"line":72,"column":28},"end":{"line":72,"column":69}},"49":{"start":{"line":75,"column":28},"end":{"line":75,"column":58}},"50":{"start":{"line":77,"column":28},"end":{"line":86,"column":29}},"51":{"start":{"line":78,"column":32},"end":{"line":78,"column":56}},"52":{"start":{"line":79,"column":32},"end":{"line":79,"column":59}},"53":{"start":{"line":80,"column":32},"end":{"line":80,"column":65}},"54":{"start":{"line":82,"column":32},"end":{"line":84,"column":34}},"55":{"start":{"line":85,"column":32},"end":{"line":85,"column":61}},"56":{"start":{"line":90,"column":28},"end":{"line":90,"column":52}},"57":{"start":{"line":97,"column":12},"end":{"line":97,"column":48}},"58":{"start":{"line":100,"column":8},"end":{"line":100,"column":24}},"59":{"start":{"line":105,"column":20},"end":{"line":138,"column":11}},"60":{"start":{"line":108,"column":12},"end":{"line":137,"column":36}},"61":{"start":{"line":109,"column":16},"end":{"line":136,"column":17}},"62":{"start":{"line":110,"column":20},"end":{"line":135,"column":21}},"63":{"start":{"line":112,"column":28},"end":{"line":112,"column":40}},"64":{"start":{"line":113,"column":28},"end":{"line":113,"column":42}},"65":{"start":{"line":115,"column":28},"end":{"line":115,"column":47}},"66":{"start":{"line":116,"column":28},"end":{"line":116,"column":75}},"67":{"start":{"line":119,"column":28},"end":{"line":119,"column":58}},"68":{"start":{"line":121,"column":28},"end":{"line":130,"column":29}},"69":{"start":{"line":122,"column":32},"end":{"line":122,"column":56}},"70":{"start":{"line":123,"column":32},"end":{"line":123,"column":59}},"71":{"start":{"line":124,"column":32},"end":{"line":124,"column":65}},"72":{"start":{"line":126,"column":32},"end":{"line":128,"column":34}},"73":{"start":{"line":129,"column":32},"end":{"line":129,"column":61}},"74":{"start":{"line":134,"column":28},"end":{"line":134,"column":52}},"75":{"start":{"line":141,"column":12},"end":{"line":141,"column":48}},"76":{"start":{"line":144,"column":8},"end":{"line":144,"column":30}},"77":{"start":{"line":149,"column":20},"end":{"line":182,"column":11}},"78":{"start":{"line":152,"column":12},"end":{"line":181,"column":36}},"79":{"start":{"line":153,"column":16},"end":{"line":180,"column":17}},"80":{"start":{"line":154,"column":20},"end":{"line":179,"column":21}},"81":{"start":{"line":156,"column":28},"end":{"line":156,"column":40}},"82":{"start":{"line":157,"column":28},"end":{"line":157,"column":42}},"83":{"start":{"line":159,"column":28},"end":{"line":159,"column":47}},"84":{"start":{"line":160,"column":28},"end":{"line":160,"column":73}},"85":{"start":{"line":163,"column":28},"end":{"line":163,"column":58}},"86":{"start":{"line":165,"column":28},"end":{"line":174,"column":29}},"87":{"start":{"line":166,"column":32},"end":{"line":166,"column":56}},"88":{"start":{"line":167,"column":32},"end":{"line":167,"column":59}},"89":{"start":{"line":168,"column":32},"end":{"line":168,"column":65}},"90":{"start":{"line":170,"column":32},"end":{"line":172,"column":34}},"91":{"start":{"line":173,"column":32},"end":{"line":173,"column":61}},"92":{"start":{"line":178,"column":28},"end":{"line":178,"column":52}},"93":{"start":{"line":185,"column":12},"end":{"line":185,"column":48}},"94":{"start":{"line":188,"column":8},"end":{"line":188,"column":28}},"95":{"start":{"line":193,"column":20},"end":{"line":226,"column":11}},"96":{"start":{"line":196,"column":12},"end":{"line":225,"column":36}},"97":{"start":{"line":197,"column":16},"end":{"line":224,"column":17}},"98":{"start":{"line":198,"column":20},"end":{"line":223,"column":21}},"99":{"start":{"line":200,"column":28},"end":{"line":200,"column":40}},"100":{"start":{"line":201,"column":28},"end":{"line":201,"column":42}},"101":{"start":{"line":203,"column":28},"end":{"line":203,"column":47}},"102":{"start":{"line":204,"column":28},"end":{"line":204,"column":86}},"103":{"start":{"line":207,"column":28},"end":{"line":207,"column":58}},"104":{"start":{"line":209,"column":28},"end":{"line":218,"column":29}},"105":{"start":{"line":210,"column":32},"end":{"line":210,"column":56}},"106":{"start":{"line":211,"column":32},"end":{"line":211,"column":59}},"107":{"start":{"line":212,"column":32},"end":{"line":212,"column":65}},"108":{"start":{"line":214,"column":32},"end":{"line":216,"column":34}},"109":{"start":{"line":217,"column":32},"end":{"line":217,"column":61}},"110":{"start":{"line":222,"column":28},"end":{"line":222,"column":52}},"111":{"start":{"line":229,"column":12},"end":{"line":229,"column":48}},"112":{"start":{"line":232,"column":8},"end":{"line":232,"column":29}},"113":{"start":{"line":237,"column":20},"end":{"line":270,"column":11}},"114":{"start":{"line":240,"column":12},"end":{"line":269,"column":36}},"115":{"start":{"line":241,"column":16},"end":{"line":268,"column":17}},"116":{"start":{"line":242,"column":20},"end":{"line":267,"column":21}},"117":{"start":{"line":244,"column":28},"end":{"line":244,"column":40}},"118":{"start":{"line":245,"column":28},"end":{"line":245,"column":42}},"119":{"start":{"line":247,"column":28},"end":{"line":247,"column":47}},"120":{"start":{"line":248,"column":28},"end":{"line":248,"column":87}},"121":{"start":{"line":251,"column":28},"end":{"line":251,"column":58}},"122":{"start":{"line":253,"column":28},"end":{"line":262,"column":29}},"123":{"start":{"line":254,"column":32},"end":{"line":254,"column":56}},"124":{"start":{"line":255,"column":32},"end":{"line":255,"column":59}},"125":{"start":{"line":256,"column":32},"end":{"line":256,"column":65}},"126":{"start":{"line":258,"column":32},"end":{"line":260,"column":34}},"127":{"start":{"line":261,"column":32},"end":{"line":261,"column":61}},"128":{"start":{"line":266,"column":28},"end":{"line":266,"column":52}},"129":{"start":{"line":273,"column":12},"end":{"line":273,"column":48}},"130":{"start":{"line":276,"column":8},"end":{"line":276,"column":30}},"131":{"start":{"line":280,"column":0},"end":{"line":280,"column":37}}},"fnMap":{"0":{"name":"_asyncToGenerator","decl":{"start":{"line":9,"column":9},"end":{"line":9,"column":26}},"loc":{"start":{"line":9,"column":31},"end":{"line":9,"column":458}},"line":9},"1":{"name":"(anonymous_1)","decl":{"start":{"line":9,"column":40},"end":{"line":9,"column":41}},"loc":{"start":{"line":9,"column":52},"end":{"line":9,"column":455}},"line":9},"2":{"name":"(anonymous_2)","decl":{"start":{"line":9,"column":110},"end":{"line":9,"column":111}},"loc":{"start":{"line":9,"column":137},"end":{"line":9,"column":451}},"line":9},"3":{"name":"step","decl":{"start":{"line":9,"column":148},"end":{"line":9,"column":152}},"loc":{"start":{"line":9,"column":163},"end":{"line":9,"column":428}},"line":9},"4":{"name":"(anonymous_4)","decl":{"start":{"line":9,"column":341},"end":{"line":9,"column":342}},"loc":{"start":{"line":9,"column":358},"end":{"line":9,"column":382}},"line":9},"5":{"name":"(anonymous_5)","decl":{"start":{"line":9,"column":384},"end":{"line":9,"column":385}},"loc":{"start":{"line":9,"column":399},"end":{"line":9,"column":422}},"line":9},"6":{"name":"(anonymous_6)","decl":{"start":{"line":13,"column":10},"end":{"line":13,"column":11}},"loc":{"start":{"line":13,"column":22},"end":{"line":58,"column":5}},"line":13},"7":{"name":"_callee","decl":{"start":{"line":14,"column":84},"end":{"line":14,"column":91}},"loc":{"start":{"line":14,"column":102},"end":{"line":51,"column":9}},"line":14},"8":{"name":"_callee$","decl":{"start":{"line":17,"column":52},"end":{"line":17,"column":60}},"loc":{"start":{"line":17,"column":71},"end":{"line":50,"column":13}},"line":17},"9":{"name":"send","decl":{"start":{"line":53,"column":17},"end":{"line":53,"column":21}},"loc":{"start":{"line":53,"column":31},"end":{"line":55,"column":9}},"line":53},"10":{"name":"(anonymous_10)","decl":{"start":{"line":60,"column":14},"end":{"line":60,"column":15}},"loc":{"start":{"line":60,"column":26},"end":{"line":101,"column":5}},"line":60},"11":{"name":"_callee2","decl":{"start":{"line":61,"column":85},"end":{"line":61,"column":93}},"loc":{"start":{"line":61,"column":104},"end":{"line":94,"column":9}},"line":61},"12":{"name":"_callee2$","decl":{"start":{"line":64,"column":52},"end":{"line":64,"column":61}},"loc":{"start":{"line":64,"column":73},"end":{"line":93,"column":13}},"line":64},"13":{"name":"fetchAll","decl":{"start":{"line":96,"column":17},"end":{"line":96,"column":25}},"loc":{"start":{"line":96,"column":36},"end":{"line":98,"column":9}},"line":96},"14":{"name":"(anonymous_14)","decl":{"start":{"line":104,"column":20},"end":{"line":104,"column":21}},"loc":{"start":{"line":104,"column":32},"end":{"line":145,"column":5}},"line":104},"15":{"name":"_callee3","decl":{"start":{"line":105,"column":85},"end":{"line":105,"column":93}},"loc":{"start":{"line":105,"column":104},"end":{"line":138,"column":9}},"line":105},"16":{"name":"_callee3$","decl":{"start":{"line":108,"column":52},"end":{"line":108,"column":61}},"loc":{"start":{"line":108,"column":73},"end":{"line":137,"column":13}},"line":108},"17":{"name":"fetchAllUnread","decl":{"start":{"line":140,"column":17},"end":{"line":140,"column":31}},"loc":{"start":{"line":140,"column":42},"end":{"line":142,"column":9}},"line":140},"18":{"name":"(anonymous_18)","decl":{"start":{"line":148,"column":18},"end":{"line":148,"column":19}},"loc":{"start":{"line":148,"column":30},"end":{"line":189,"column":5}},"line":148},"19":{"name":"_callee4","decl":{"start":{"line":149,"column":85},"end":{"line":149,"column":93}},"loc":{"start":{"line":149,"column":104},"end":{"line":182,"column":9}},"line":149},"20":{"name":"_callee4$","decl":{"start":{"line":152,"column":52},"end":{"line":152,"column":61}},"loc":{"start":{"line":152,"column":73},"end":{"line":181,"column":13}},"line":152},"21":{"name":"fetchAllSent","decl":{"start":{"line":184,"column":17},"end":{"line":184,"column":29}},"loc":{"start":{"line":184,"column":40},"end":{"line":186,"column":9}},"line":184},"22":{"name":"(anonymous_22)","decl":{"start":{"line":192,"column":19},"end":{"line":192,"column":20}},"loc":{"start":{"line":192,"column":31},"end":{"line":233,"column":5}},"line":192},"23":{"name":"_callee5","decl":{"start":{"line":193,"column":85},"end":{"line":193,"column":93}},"loc":{"start":{"line":193,"column":104},"end":{"line":226,"column":9}},"line":193},"24":{"name":"_callee5$","decl":{"start":{"line":196,"column":52},"end":{"line":196,"column":61}},"loc":{"start":{"line":196,"column":73},"end":{"line":225,"column":13}},"line":196},"25":{"name":"fetchSpecific","decl":{"start":{"line":228,"column":17},"end":{"line":228,"column":30}},"loc":{"start":{"line":228,"column":42},"end":{"line":230,"column":9}},"line":228},"26":{"name":"(anonymous_26)","decl":{"start":{"line":236,"column":20},"end":{"line":236,"column":21}},"loc":{"start":{"line":236,"column":32},"end":{"line":277,"column":5}},"line":236},"27":{"name":"_callee6","decl":{"start":{"line":237,"column":85},"end":{"line":237,"column":93}},"loc":{"start":{"line":237,"column":104},"end":{"line":270,"column":9}},"line":237},"28":{"name":"_callee6$","decl":{"start":{"line":240,"column":52},"end":{"line":240,"column":61}},"loc":{"start":{"line":240,"column":73},"end":{"line":269,"column":13}},"line":240},"29":{"name":"deleteSpecific","decl":{"start":{"line":272,"column":17},"end":{"line":272,"column":31}},"loc":{"start":{"line":272,"column":44},"end":{"line":274,"column":9}},"line":272}},"branchMap":{"0":{"loc":{"start":{"line":9,"column":264},"end":{"line":9,"column":426}},"type":"if","locations":[{"start":{"line":9,"column":264},"end":{"line":9,"column":426}},{"start":{"line":9,"column":264},"end":{"line":9,"column":426}}],"line":9},"1":{"loc":{"start":{"line":19,"column":20},"end":{"line":48,"column":21}},"type":"switch","locations":[{"start":{"line":20,"column":24},"end":{"line":27,"column":120}},{"start":{"line":29,"column":24},"end":{"line":37,"column":34}},{"start":{"line":39,"column":24},"end":{"line":43,"column":67}},{"start":{"line":45,"column":24},"end":{"line":45,"column":32}},{"start":{"line":46,"column":24},"end":{"line":47,"column":51}}],"line":19},"2":{"loc":{"start":{"line":32,"column":28},"end":{"line":32,"column":64}},"type":"if","locations":[{"start":{"line":32,"column":28},"end":{"line":32,"column":64}},{"start":{"line":32,"column":28},"end":{"line":32,"column":64}}],"line":32},"3":{"loc":{"start":{"line":66,"column":20},"end":{"line":91,"column":21}},"type":"switch","locations":[{"start":{"line":67,"column":24},"end":{"line":72,"column":69}},{"start":{"line":74,"column":24},"end":{"line":86,"column":29}},{"start":{"line":88,"column":24},"end":{"line":88,"column":31}},{"start":{"line":89,"column":24},"end":{"line":90,"column":52}}],"line":66},"4":{"loc":{"start":{"line":77,"column":28},"end":{"line":86,"column":29}},"type":"if","locations":[{"start":{"line":77,"column":28},"end":{"line":86,"column":29}},{"start":{"line":77,"column":28},"end":{"line":86,"column":29}}],"line":77},"5":{"loc":{"start":{"line":110,"column":20},"end":{"line":135,"column":21}},"type":"switch","locations":[{"start":{"line":111,"column":24},"end":{"line":116,"column":75}},{"start":{"line":118,"column":24},"end":{"line":130,"column":29}},{"start":{"line":132,"column":24},"end":{"line":132,"column":31}},{"start":{"line":133,"column":24},"end":{"line":134,"column":52}}],"line":110},"6":{"loc":{"start":{"line":121,"column":28},"end":{"line":130,"column":29}},"type":"if","locations":[{"start":{"line":121,"column":28},"end":{"line":130,"column":29}},{"start":{"line":121,"column":28},"end":{"line":130,"column":29}}],"line":121},"7":{"loc":{"start":{"line":154,"column":20},"end":{"line":179,"column":21}},"type":"switch","locations":[{"start":{"line":155,"column":24},"end":{"line":160,"column":73}},{"start":{"line":162,"column":24},"end":{"line":174,"column":29}},{"start":{"line":176,"column":24},"end":{"line":176,"column":31}},{"start":{"line":177,"column":24},"end":{"line":178,"column":52}}],"line":154},"8":{"loc":{"start":{"line":165,"column":28},"end":{"line":174,"column":29}},"type":"if","locations":[{"start":{"line":165,"column":28},"end":{"line":174,"column":29}},{"start":{"line":165,"column":28},"end":{"line":174,"column":29}}],"line":165},"9":{"loc":{"start":{"line":198,"column":20},"end":{"line":223,"column":21}},"type":"switch","locations":[{"start":{"line":199,"column":24},"end":{"line":204,"column":86}},{"start":{"line":206,"column":24},"end":{"line":218,"column":29}},{"start":{"line":220,"column":24},"end":{"line":220,"column":31}},{"start":{"line":221,"column":24},"end":{"line":222,"column":52}}],"line":198},"10":{"loc":{"start":{"line":209,"column":28},"end":{"line":218,"column":29}},"type":"if","locations":[{"start":{"line":209,"column":28},"end":{"line":218,"column":29}},{"start":{"line":209,"column":28},"end":{"line":218,"column":29}}],"line":209},"11":{"loc":{"start":{"line":242,"column":20},"end":{"line":267,"column":21}},"type":"switch","locations":[{"start":{"line":243,"column":24},"end":{"line":248,"column":87}},{"start":{"line":250,"column":24},"end":{"line":262,"column":29}},{"start":{"line":264,"column":24},"end":{"line":264,"column":31}},{"start":{"line":265,"column":24},"end":{"line":266,"column":52}}],"line":242},"12":{"loc":{"start":{"line":253,"column":28},"end":{"line":262,"column":29}},"type":"if","locations":[{"start":{"line":253,"column":28},"end":{"line":262,"column":29}},{"start":{"line":253,"column":28},"end":{"line":262,"column":29}}],"line":253}},"s":{"0":1,"1":1,"2":6,"3":4,"4":4,"5":8,"6":8,"7":8,"8":0,"9":0,"10":8,"11":4,"12":4,"13":4,"14":0,"15":4,"16":1,"17":1,"18":2,"19":4,"20":6,"21":2,"22":2,"23":2,"24":2,"25":2,"26":2,"27":2,"28":2,"29":2,"30":2,"31":2,"32":2,"33":2,"34":2,"35":0,"36":0,"37":0,"38":2,"39":2,"40":1,"41":1,"42":0,"43":0,"44":0,"45":0,"46":0,"47":0,"48":0,"49":0,"50":0,"51":0,"52":0,"53":0,"54":0,"55":0,"56":0,"57":0,"58":1,"59":1,"60":2,"61":4,"62":4,"63":2,"64":2,"65":2,"66":2,"67":2,"68":2,"69":0,"70":0,"71":0,"72":2,"73":2,"74":2,"75":2,"76":1,"77":1,"78":0,"79":0,"80":0,"81":0,"82":0,"83":0,"84":0,"85":0,"86":0,"87":0,"88":0,"89":0,"90":0,"91":0,"92":0,"93":0,"94":1,"95":1,"96":0,"97":0,"98":0,"99":0,"100":0,"101":0,"102":0,"103":0,"104":0,"105":0,"106":0,"107":0,"108":0,"109":0,"110":0,"111":0,"112":1,"113":1,"114":0,"115":0,"116":0,"117":0,"118":0,"119":0,"120":0,"121":0,"122":0,"123":0,"124":0,"125":0,"126":0,"127":0,"128":0,"129":0,"130":1,"131":1},"f":{"0":6,"1":4,"2":4,"3":8,"4":4,"5":0,"6":1,"7":2,"8":4,"9":2,"10":1,"11":0,"12":0,"13":0,"14":1,"15":2,"16":4,"17":2,"18":1,"19":0,"20":0,"21":0,"22":1,"23":0,"24":0,"25":0,"26":1,"27":0,"28":0,"29":0},"b":{"0":[4,4],"1":[2,2,0,2,2],"2":[2,0],"3":[0,0,0,0],"4":[0,0],"5":[2,2,2,2],"6":[0,2],"7":[0,0,0,0],"8":[0,0],"9":[0,0,0,0],"10":[0,0],"11":[0,0,0,0],"12":[0,0]},"_coverageSchema":"43e27e138ebf9cfc5966b082cf9a028302ed4184","hash":"9ce53b7c67bfb02d3d74c6e84d1dfc69e373748b","contentHash":"e75a13c4114a51ab9f7350628f97ccf3c25bce5d6609b38a6728b20b099f48e4"},"/home/premices/andella/interview/EPIC-Mail/server/models/v1/messages.js":{"path":"/home/premices/andella/interview/EPIC-Mail/server/models/v1/messages.js","statementMap":{"0":{"start":{"line":3,"column":0},"end":{"line":5,"column":3}},"1":{"start":{"line":6,"column":0},"end":{"line":6,"column":186}},"2":{"start":{"line":8,"column":13},"end":{"line":8,"column":31}},"3":{"start":{"line":10,"column":50},"end":{"line":10,"column":151}},"4":{"start":{"line":10,"column":92},"end":{"line":10,"column":149}},"5":{"start":{"line":13,"column":20},"end":{"line":22,"column":1}},"6":{"start":{"line":14,"column":4},"end":{"line":14,"column":41}},"7":{"start":{"line":16,"column":4},"end":{"line":16,"column":17}},"8":{"start":{"line":17,"column":4},"end":{"line":17,"column":31}},"9":{"start":{"line":18,"column":4},"end":{"line":18,"column":27}},"10":{"start":{"line":19,"column":4},"end":{"line":19,"column":21}},"11":{"start":{"line":20,"column":4},"end":{"line":20,"column":43}},"12":{"start":{"line":21,"column":4},"end":{"line":21,"column":25}},"13":{"start":{"line":28,"column":0},"end":{"line":34,"column":1}},"14":{"start":{"line":29,"column":4},"end":{"line":29,"column":38}},"15":{"start":{"line":31,"column":4},"end":{"line":31,"column":29}},"16":{"start":{"line":32,"column":4},"end":{"line":32,"column":31}},"17":{"start":{"line":33,"column":4},"end":{"line":33,"column":31}},"18":{"start":{"line":40,"column":0},"end":{"line":46,"column":1}},"19":{"start":{"line":41,"column":4},"end":{"line":41,"column":39}},"20":{"start":{"line":43,"column":4},"end":{"line":43,"column":33}},"21":{"start":{"line":44,"column":4},"end":{"line":44,"column":31}},"22":{"start":{"line":45,"column":4},"end":{"line":45,"column":31}},"23":{"start":{"line":50,"column":22},"end":{"line":50,"column":24}},"24":{"start":{"line":51,"column":10},"end":{"line":51,"column":11}},"25":{"start":{"line":54,"column":18},"end":{"line":54,"column":20}},"26":{"start":{"line":57,"column":19},"end":{"line":57,"column":21}},"27":{"start":{"line":61,"column":18},"end":{"line":100,"column":1}},"28":{"start":{"line":62,"column":4},"end":{"line":99,"column":7}},"29":{"start":{"line":64,"column":23},"end":{"line":64,"column":29}},"30":{"start":{"line":65,"column":25},"end":{"line":65,"column":31}},"31":{"start":{"line":66,"column":8},"end":{"line":98,"column":9}},"32":{"start":{"line":67,"column":12},"end":{"line":67,"column":41}},"33":{"start":{"line":70,"column":29},"end":{"line":72,"column":14}},"34":{"start":{"line":71,"column":16},"end":{"line":71,"column":45}},"35":{"start":{"line":73,"column":12},"end":{"line":73,"column":37}},"36":{"start":{"line":74,"column":31},"end":{"line":76,"column":14}},"37":{"start":{"line":75,"column":16},"end":{"line":75,"column":47}},"38":{"start":{"line":77,"column":12},"end":{"line":77,"column":41}},"39":{"start":{"line":79,"column":30},"end":{"line":79,"column":109}},"40":{"start":{"line":80,"column":12},"end":{"line":80,"column":46}},"41":{"start":{"line":81,"column":12},"end":{"line":81,"column":41}},"42":{"start":{"line":84,"column":27},"end":{"line":84,"column":79}},"43":{"start":{"line":85,"column":12},"end":{"line":85,"column":39}},"44":{"start":{"line":86,"column":12},"end":{"line":86,"column":37}},"45":{"start":{"line":89,"column":28},"end":{"line":89,"column":83}},"46":{"start":{"line":90,"column":12},"end":{"line":90,"column":41}},"47":{"start":{"line":91,"column":12},"end":{"line":91,"column":38}},"48":{"start":{"line":92,"column":12},"end":{"line":92,"column":65}},"49":{"start":{"line":94,"column":25},"end":{"line":96,"column":13}},"50":{"start":{"line":97,"column":12},"end":{"line":97,"column":28}},"51":{"start":{"line":104,"column":22},"end":{"line":133,"column":1}},"52":{"start":{"line":105,"column":4},"end":{"line":132,"column":5}},"53":{"start":{"line":106,"column":23},"end":{"line":130,"column":10}},"54":{"start":{"line":107,"column":21},"end":{"line":107,"column":31}},"55":{"start":{"line":108,"column":28},"end":{"line":108,"column":45}},"56":{"start":{"line":109,"column":26},"end":{"line":109,"column":41}},"57":{"start":{"line":110,"column":23},"end":{"line":110,"column":35}},"58":{"start":{"line":111,"column":34},"end":{"line":111,"column":57}},"59":{"start":{"line":112,"column":25},"end":{"line":112,"column":39}},"60":{"start":{"line":113,"column":27},"end":{"line":115,"column":26}},"61":{"start":{"line":114,"column":16},"end":{"line":114,"column":50}},"62":{"start":{"line":116,"column":29},"end":{"line":118,"column":28}},"63":{"start":{"line":117,"column":16},"end":{"line":117,"column":50}},"64":{"start":{"line":120,"column":12},"end":{"line":129,"column":14}},"65":{"start":{"line":131,"column":8},"end":{"line":131,"column":24}},"66":{"start":{"line":132,"column":5},"end":{"line":132,"column":18}},"67":{"start":{"line":135,"column":23},"end":{"line":140,"column":1}},"68":{"start":{"line":136,"column":4},"end":{"line":139,"column":7}},"69":{"start":{"line":138,"column":8},"end":{"line":138,"column":50}},"70":{"start":{"line":144,"column":29},"end":{"line":152,"column":1}},"71":{"start":{"line":145,"column":4},"end":{"line":151,"column":7}},"72":{"start":{"line":147,"column":29},"end":{"line":149,"column":10}},"73":{"start":{"line":148,"column":12},"end":{"line":148,"column":47}},"74":{"start":{"line":150,"column":8},"end":{"line":150,"column":49}},"75":{"start":{"line":154,"column":27},"end":{"line":159,"column":1}},"76":{"start":{"line":155,"column":4},"end":{"line":158,"column":7}},"77":{"start":{"line":157,"column":8},"end":{"line":157,"column":50}},"78":{"start":{"line":161,"column":27},"end":{"line":169,"column":1}},"79":{"start":{"line":162,"column":4},"end":{"line":168,"column":7}},"80":{"start":{"line":164,"column":31},"end":{"line":166,"column":10}},"81":{"start":{"line":165,"column":12},"end":{"line":165,"column":51}},"82":{"start":{"line":167,"column":8},"end":{"line":167,"column":51}},"83":{"start":{"line":171,"column":28},"end":{"line":184,"column":1}},"84":{"start":{"line":172,"column":4},"end":{"line":183,"column":7}},"85":{"start":{"line":174,"column":31},"end":{"line":176,"column":10}},"86":{"start":{"line":175,"column":12},"end":{"line":175,"column":51}},"87":{"start":{"line":177,"column":8},"end":{"line":182,"column":30}},"88":{"start":{"line":178,"column":12},"end":{"line":178,"column":84}},"89":{"start":{"line":179,"column":12},"end":{"line":181,"column":16}},"90":{"start":{"line":182,"column":15},"end":{"line":182,"column":30}},"91":{"start":{"line":186,"column":0},"end":{"line":186,"column":34}},"92":{"start":{"line":187,"column":0},"end":{"line":187,"column":44}},"93":{"start":{"line":188,"column":0},"end":{"line":188,"column":56}},"94":{"start":{"line":189,"column":0},"end":{"line":189,"column":52}},"95":{"start":{"line":190,"column":0},"end":{"line":190,"column":52}},"96":{"start":{"line":191,"column":0},"end":{"line":191,"column":54}}},"fnMap":{"0":{"name":"_classCallCheck","decl":{"start":{"line":10,"column":9},"end":{"line":10,"column":24}},"loc":{"start":{"line":10,"column":48},"end":{"line":10,"column":153}},"line":10},"1":{"name":"MessageSchema","decl":{"start":{"line":13,"column":29},"end":{"line":13,"column":42}},"loc":{"start":{"line":13,"column":98},"end":{"line":22,"column":1}},"line":13},"2":{"name":"SentSchema","decl":{"start":{"line":28,"column":9},"end":{"line":28,"column":19}},"loc":{"start":{"line":28,"column":52},"end":{"line":34,"column":1}},"line":28},"3":{"name":"InboxSchema","decl":{"start":{"line":40,"column":9},"end":{"line":40,"column":20}},"loc":{"start":{"line":40,"column":55},"end":{"line":46,"column":1}},"line":40},"4":{"name":"saveMessage","decl":{"start":{"line":61,"column":27},"end":{"line":61,"column":38}},"loc":{"start":{"line":61,"column":97},"end":{"line":100,"column":1}},"line":61},"5":{"name":"(anonymous_5)","decl":{"start":{"line":62,"column":23},"end":{"line":62,"column":24}},"loc":{"start":{"line":62,"column":50},"end":{"line":99,"column":5}},"line":62},"6":{"name":"(anonymous_6)","decl":{"start":{"line":66,"column":37},"end":{"line":66,"column":38}},"loc":{"start":{"line":66,"column":53},"end":{"line":68,"column":9}},"line":66},"7":{"name":"(anonymous_7)","decl":{"start":{"line":70,"column":54},"end":{"line":70,"column":55}},"loc":{"start":{"line":70,"column":70},"end":{"line":72,"column":13}},"line":70},"8":{"name":"(anonymous_8)","decl":{"start":{"line":74,"column":56},"end":{"line":74,"column":57}},"loc":{"start":{"line":74,"column":72},"end":{"line":76,"column":13}},"line":74},"9":{"name":"displayMessages","decl":{"start":{"line":104,"column":31},"end":{"line":104,"column":46}},"loc":{"start":{"line":104,"column":56},"end":{"line":133,"column":1}},"line":104},"10":{"name":"(anonymous_10)","decl":{"start":{"line":106,"column":35},"end":{"line":106,"column":36}},"loc":{"start":{"line":106,"column":54},"end":{"line":130,"column":9}},"line":106},"11":{"name":"(anonymous_11)","decl":{"start":{"line":113,"column":46},"end":{"line":113,"column":47}},"loc":{"start":{"line":113,"column":67},"end":{"line":115,"column":13}},"line":113},"12":{"name":"(anonymous_12)","decl":{"start":{"line":116,"column":49},"end":{"line":116,"column":50}},"loc":{"start":{"line":116,"column":70},"end":{"line":118,"column":13}},"line":116},"13":{"name":"fetchAllMessages","decl":{"start":{"line":135,"column":32},"end":{"line":135,"column":48}},"loc":{"start":{"line":135,"column":51},"end":{"line":140,"column":1}},"line":135},"14":{"name":"(anonymous_14)","decl":{"start":{"line":136,"column":23},"end":{"line":136,"column":24}},"loc":{"start":{"line":136,"column":50},"end":{"line":139,"column":5}},"line":136},"15":{"name":"fetchAllUnreadMessages","decl":{"start":{"line":144,"column":38},"end":{"line":144,"column":60}},"loc":{"start":{"line":144,"column":63},"end":{"line":152,"column":1}},"line":144},"16":{"name":"(anonymous_16)","decl":{"start":{"line":145,"column":23},"end":{"line":145,"column":24}},"loc":{"start":{"line":145,"column":50},"end":{"line":151,"column":5}},"line":145},"17":{"name":"(anonymous_17)","decl":{"start":{"line":147,"column":52},"end":{"line":147,"column":53}},"loc":{"start":{"line":147,"column":71},"end":{"line":149,"column":9}},"line":147},"18":{"name":"fetchAllSentMessages","decl":{"start":{"line":154,"column":36},"end":{"line":154,"column":56}},"loc":{"start":{"line":154,"column":59},"end":{"line":159,"column":1}},"line":154},"19":{"name":"(anonymous_19)","decl":{"start":{"line":155,"column":23},"end":{"line":155,"column":24}},"loc":{"start":{"line":155,"column":50},"end":{"line":158,"column":5}},"line":155},"20":{"name":"fetchSpecificMessage","decl":{"start":{"line":161,"column":36},"end":{"line":161,"column":56}},"loc":{"start":{"line":161,"column":61},"end":{"line":169,"column":1}},"line":161},"21":{"name":"(anonymous_21)","decl":{"start":{"line":162,"column":23},"end":{"line":162,"column":24}},"loc":{"start":{"line":162,"column":50},"end":{"line":168,"column":5}},"line":162},"22":{"name":"(anonymous_22)","decl":{"start":{"line":164,"column":54},"end":{"line":164,"column":55}},"loc":{"start":{"line":164,"column":73},"end":{"line":166,"column":9}},"line":164},"23":{"name":"deleteSpecificMessage","decl":{"start":{"line":171,"column":37},"end":{"line":171,"column":58}},"loc":{"start":{"line":171,"column":63},"end":{"line":184,"column":1}},"line":171},"24":{"name":"(anonymous_24)","decl":{"start":{"line":172,"column":23},"end":{"line":172,"column":24}},"loc":{"start":{"line":172,"column":50},"end":{"line":183,"column":5}},"line":172},"25":{"name":"(anonymous_25)","decl":{"start":{"line":174,"column":54},"end":{"line":174,"column":55}},"loc":{"start":{"line":174,"column":73},"end":{"line":176,"column":9}},"line":174}},"branchMap":{"0":{"loc":{"start":{"line":10,"column":50},"end":{"line":10,"column":151}},"type":"if","locations":[{"start":{"line":10,"column":50},"end":{"line":10,"column":151}},{"start":{"line":10,"column":50},"end":{"line":10,"column":151}}],"line":10},"1":{"loc":{"start":{"line":66,"column":8},"end":{"line":98,"column":9}},"type":"if","locations":[{"start":{"line":66,"column":8},"end":{"line":98,"column":9}},{"start":{"line":66,"column":8},"end":{"line":98,"column":9}}],"line":66},"2":{"loc":{"start":{"line":105,"column":4},"end":{"line":132,"column":5}},"type":"if","locations":[{"start":{"line":105,"column":4},"end":{"line":132,"column":5}},{"start":{"line":105,"column":4},"end":{"line":132,"column":5}}],"line":105},"3":{"loc":{"start":{"line":177,"column":8},"end":{"line":182,"column":30}},"type":"if","locations":[{"start":{"line":177,"column":8},"end":{"line":182,"column":30}},{"start":{"line":177,"column":8},"end":{"line":182,"column":30}}],"line":177}},"s":{"0":1,"1":1,"2":1,"3":0,"4":0,"5":1,"6":0,"7":0,"8":0,"9":0,"10":0,"11":0,"12":0,"13":1,"14":0,"15":0,"16":0,"17":0,"18":1,"19":0,"20":0,"21":0,"22":0,"23":1,"24":1,"25":1,"26":1,"27":1,"28":2,"29":2,"30":2,"31":2,"32":4,"33":0,"34":0,"35":0,"36":0,"37":0,"38":0,"39":0,"40":0,"41":0,"42":0,"43":0,"44":0,"45":0,"46":0,"47":0,"48":0,"49":2,"50":2,"51":1,"52":2,"53":0,"54":0,"55":0,"56":0,"57":0,"58":0,"59":0,"60":0,"61":0,"62":0,"63":0,"64":0,"65":0,"66":2,"67":1,"68":0,"69":0,"70":1,"71":2,"72":2,"73":0,"74":2,"75":1,"76":0,"77":0,"78":1,"79":0,"80":0,"81":0,"82":0,"83":1,"84":0,"85":0,"86":0,"87":0,"88":0,"89":0,"90":0,"91":1,"92":1,"93":1,"94":1,"95":1,"96":1},"f":{"0":0,"1":0,"2":0,"3":0,"4":2,"5":2,"6":4,"7":0,"8":0,"9":2,"10":0,"11":0,"12":0,"13":0,"14":0,"15":2,"16":2,"17":0,"18":0,"19":0,"20":0,"21":0,"22":0,"23":0,"24":0,"25":0},"b":{"0":[0,0],"1":[0,2],"2":[0,2],"3":[0,0]},"_coverageSchema":"43e27e138ebf9cfc5966b082cf9a028302ed4184","hash":"6463fc93adb180c9e76bd40d0f83b20a62c72baa","contentHash":"0cf9ab1772a7c5159cc7010db9f370fd8af1c7f81c4d4bf5aff537980fec0c6c"},"/home/premices/andella/interview/EPIC-Mail/server/routes/v2/index.js":{"path":"/home/premices/andella/interview/EPIC-Mail/server/routes/v2/index.js","statementMap":{"0":{"start":{"line":3,"column":0},"end":{"line":5,"column":3}},"1":{"start":{"line":7,"column":13},"end":{"line":7,"column":31}},"2":{"start":{"line":9,"column":14},"end":{"line":9,"column":44}},"3":{"start":{"line":11,"column":16},"end":{"line":11,"column":37}},"4":{"start":{"line":13,"column":17},"end":{"line":13,"column":50}},"5":{"start":{"line":15,"column":39},"end":{"line":15,"column":93}},"6":{"start":{"line":17,"column":13},"end":{"line":21,"column":1}},"7":{"start":{"line":
[...]
column":42}},"2":{"start":{"line":7,"column":16},"end":{"line":7,"column":36}},"3":{"start":{"line":9,"column":17},"end":{"line":9,"column":50}},"4":{"start":{"line":11,"column":13},"end":{"line":11,"column":35}},"5":{"start":{"line":13,"column":14},"end":{"line":13,"column":44}},"6":{"start":{"line":15,"column":39},"end":{"line":15,"column":93}},"7":{"start":{"line":17,"column":0},"end":{"line":17,"column":39}},"8":{"start":{"line":19,"column":13},"end":{"line":19,"column":36}},"9":{"start":{"line":20,"column":11},"end":{"line":24,"column":1}},"10":{"start":{"line":25,"column":14},"end":{"line":28,"column":1}},"11":{"start":{"line":30,"column":0},"end":{"line":67,"column":3}},"12":{"start":{"line":32,"column":4},"end":{"line":39,"column":7}},"13":{"start":{"line":34,"column":8},"end":{"line":38,"column":11}},"14":{"start":{"line":36,"column":12},"end":{"line":36,"column":44}},"15":{"start":{"line":37,"column":12},"end":{"line":37,"column":19}},"16":{"start":{"line":40,"column":4},"end":{"line":48,"column":7}},"17":{"start":{"line":42,"column":8},"end":{"line":47,"column":11}},"18":{"start":{"line":45,"column":12},"end":{"line":45,"column":71}},"19":{"start":{"line":46,"column":12},"end":{"line":46,"column":19}},"20":{"start":{"line":49,"column":4},"end":{"line":57,"column":7}},"21":{"start":{"line":51,"column":8},"end":{"line":56,"column":11}},"22":{"start":{"line":54,"column":12},"end":{"line":54,"column":57}},"23":{"start":{"line":55,"column":12},"end":{"line":55,"column":19}},"24":{"start":{"line":58,"column":4},"end":{"line":66,"column":7}},"25":{"start":{"line":60,"column":8},"end":{"line":65,"column":11}},"26":{"start":{"line":63,"column":12},"end":{"line":63,"column":102}},"27":{"start":{"line":64,"column":12},"end":{"line":64,"column":19}},"28":{"start":{"line":69,"column":0},"end":{"line":106,"column":3}},"29":{"start":{"line":71,"column":4},"end":{"line":78,"column":7}},"30":{"start":{"line":73,"column":8},"end":{"line":77,"column":11}},"31":{"start":{"line":75,"column":12},"end":{"line":75,"column":87}},"32":{"start":{"line":76,"column":12},"end":{"line":76,"column":19}},"33":{"start":{"line":79,"column":4},"end":{"line":87,"column":7}},"34":{"start":{"line":81,"column":8},"end":{"line":86,"column":11}},"35":{"start":{"line":84,"column":12},"end":{"line":84,"column":71}},"36":{"start":{"line":85,"column":12},"end":{"line":85,"column":19}},"37":{"start":{"line":88,"column":4},"end":{"line":96,"column":7}},"38":{"start":{"line":90,"column":8},"end":{"line":95,"column":11}},"39":{"start":{"line":93,"column":12},"end":{"line":93,"column":79}},"40":{"start":{"line":94,"column":12},"end":{"line":94,"column":19}},"41":{"start":{"line":97,"column":4},"end":{"line":105,"column":7}},"42":{"start":{"line":99,"column":8},"end":{"line":104,"column":11}},"43":{"start":{"line":102,"column":12},"end":{"line":102,"column":102}},"44":{"start":{"line":103,"column":12},"end":{"line":103,"column":19}}},"fnMap":{"0":{"name":"_interopRequireDefault","decl":{"start":{"line":15,"column":9},"end":{"line":15,"column":31}},"loc":{"start":{"line":15,"column":37},"end":{"line":15,"column":95}},"line":15},"1":{"name":"(anonymous_1)","decl":{"start":{"line":30,"column":19},"end":{"line":30,"column":20}},"loc":{"start":{"line":30,"column":31},"end":{"line":67,"column":1}},"line":30},"2":{"name":"(anonymous_2)","decl":{"start":{"line":32,"column":34},"end":{"line":32,"column":35}},"loc":{"start":{"line":32,"column":50},"end":{"line":39,"column":5}},"line":32},"3":{"name":"(anonymous_3)","decl":{"start":{"line":35,"column":52},"end":{"line":35,"column":53}},"loc":{"start":{"line":35,"column":72},"end":{"line":38,"column":9}},"line":35},"4":{"name":"(anonymous_4)","decl":{"start":{"line":40,"column":36},"end":{"line":40,"column":37}},"loc":{"start":{"line":40,"column":52},"end":{"line":48,"column":5}},"line":40},"5":{"name":"(anonymous_5)","decl":{"start":{"line":43,"column":52},"end":{"line":43,"column":53}},"loc":{"start":{"line":43,"column":72},"end":{"line":47,"column":9}},"line":43},"6":{"name":"(anonymous_6)","decl":{"start":{"line":49,"column":51},"end":{"line":49,"column":52}},"loc":{"start":{"line":49,"column":67},"end":{"line":57,"column":5}},"line":49},"7":{"name":"(anonymous_7)","decl":{"start":{"line":52,"column":52},"end":{"line":52,"column":53}},"loc":{"start":{"line":52,"column":72},"end":{"line":56,"column":9}},"line":52},"8":{"name":"(anonymous_8)","decl":{"start":{"line":58,"column":59},"end":{"line":58,"column":60}},"loc":{"start":{"line":58,"column":75},"end":{"line":66,"column":5}},"line":58},"9":{"name":"(anonymous_9)","decl":{"start":{"line":61,"column":52},"end":{"line":61,"column":53}},"loc":{"start":{"line":61,"column":72},"end":{"line":65,"column":9}},"line":61},"10":{"name":"(anonymous_10)","decl":{"start":{"line":69,"column":20},"end":{"line":69,"column":21}},"loc":{"start":{"line":69,"column":32},"end":{"line":106,"column":1}},"line":69},"11":{"name":"(anonymous_11)","decl":{"start":{"line":71,"column":46},"end":{"line":71,"column":47}},"loc":{"start":{"line":71,"column":62},"end":{"line":78,"column":5}},"line":71},"12":{"name":"(anonymous_12)","decl":{"start":{"line":74,"column":52},"end":{"line":74,"column":53}},"loc":{"start":{"line":74,"column":72},"end":{"line":77,"column":9}},"line":74},"13":{"name":"(anonymous_13)","decl":{"start":{"line":79,"column":36},"end":{"line":79,"column":37}},"loc":{"start":{"line":79,"column":52},"end":{"line":87,"column":5}},"line":79},"14":{"name":"(anonymous_14)","decl":{"start":{"line":82,"column":54},"end":{"line":82,"column":55}},"loc":{"start":{"line":82,"column":74},"end":{"line":86,"column":9}},"line":82},"15":{"name":"(anonymous_15)","decl":{"start":{"line":88,"column":38},"end":{"line":88,"column":39}},"loc":{"start":{"line":88,"column":54},"end":{"line":96,"column":5}},"line":88},"16":{"name":"(anonymous_16)","decl":{"start":{"line":91,"column":54},"end":{"line":91,"column":55}},"loc":{"start":{"line":91,"column":74},"end":{"line":95,"column":9}},"line":91},"17":{"name":"(anonymous_17)","decl":{"start":{"line":97,"column":47},"end":{"line":97,"column":48}},"loc":{"start":{"line":97,"column":63},"end":{"line":105,"column":5}},"line":97},"18":{"name":"(anonymous_18)","decl":{"start":{"line":100,"column":54},"end":{"line":100,"column":55}},"loc":{"start":{"line":100,"column":74},"end":{"line":104,"column":9}},"line":100}},"branchMap":{"0":{"loc":{"start":{"line":15,"column":46},"end":{"line":15,"column":92}},"type":"cond-expr","locations":[{"start":{"line":15,"column":70},"end":{"line":15,"column":73}},{"start":{"line":15,"column":76},"end":{"line":15,"column":92}}],"line":15},"1":{"loc":{"start":{"line":15,"column":46},"end":{"line":15,"column":67}},"type":"binary-expr","locations":[{"start":{"line":15,"column":46},"end":{"line":15,"column":49}},{"start":{"line":15,"column":53},"end":{"line":15,"column":67}}],"line":15}},"s":{"0":1,"1":1,"2":1,"3":1,"4":1,"5":1,"6":3,"7":1,"8":1,"9":1,"10":1,"11":1,"12":1,"13":1,"14":1,"15":1,"16":1,"17":1,"18":1,"19":1,"20":1,"21":1,"22":1,"23":1,"24":1,"25":1,"26":1,"27":1,"28":1,"29":1,"30":1,"31":1,"32":1,"33":1,"34":1,"35":1,"36":1,"37":1,"38":1,"39":1,"40":1,"41":1,"42":1,"43":1,"44":1},"f":{"0":3,"1":1,"2":1,"3":1,"4":1,"5":1,"6":1,"7":1,"8":1,"9":1,"10":1,"11":1,"12":1,"13":1,"14":1,"15":1,"16":1,"17":1,"18":1},"b":{"0":[1,2],"1":[3,3]},"_coverageSchema":"43e27e138ebf9cfc5966b082cf9a028302ed4184","hash":"879c2f10b9f7ca4b6f04c1f4861eaa6c4d8ff185","contentHash":"4f7ef7ec85a7fda9a34a40c7e0674df02c9ecf58299cba478d1d1caacdb2fcbd"},"/home/premices/andella/interview/EPIC-Mail/server/tests/v2/groups.js":{"path":"/home/premices/andella/interview/EPIC-Mail/server/tests/v2/groups.js","statementMap":{},"fnMap":{},"branchMap":{},"s":{},"f":{},"b":{},"_coverageSchema":"43e27e138ebf9cfc5966b082cf9a028302ed4184","hash":"861a2978ab144199b3c2a8b8f3cf430fa48ee1f6","contentHash":"17b4659df946ebe9a1ba52b388a21cca36a9e1ce498258b11f75382c648992de"},"/home/premices/andella/interview/EPIC-Mail/server/tests/v2/messages.js":{"path":"/home/premices/andella/interview/EPIC-Mail/server/tests/v2/messages.js","statementMap":{"0":{"start":{"line":3,"column":12},"end":{"line":3,"column":27}},"1":{"start":{"line":5,"column":13},"end":{"line":5,"column":42}},"2":{"start":{"line":7,"column":16},"end":{"line":7,"column":36}},"3":{"start":{"line":9,"column":17},"end":{"line":9,"column":50}},"4":{"start":{"line":11,"column":13},"end":{"line":11,"column":35}},"5":{"start":{"line":13,"column":14},"end":{"line":13,"column":44}},"6":{"start":{"line":15,"column":39},"end":{"line":15,"column":93}},"7":{"start":{"line":17,"column":0},"end":{"line":17,"column":39}},"8":{"start":{"line":19,"column":13},"end":{"line":19,"column":36}},"9":{"start":{"line":22,"column":22},"end":{"line":29,"column":1}},"10":{"start":{"line":33,"column":28},"end":{"line":40,"column":1}},"11":{"start":{"line":42,"column":0},"end":{"line":108,"column":3}},"12":{"start":{"line":45,"column":4},"end":{"line":53,"column":7}},"13":{"start":{"line":47,"column":8},"end":{"line":52,"column":11}},"14":{"start":{"line":50,"column":12},"end":{"line":50,"column":71}},"15":{"start":{"line":51,"column":12},"end":{"line":51,"column":19}},"16":{"start":{"line":54,"column":4},"end":{"line":62,"column":7}},"17":{"start":{"line":56,"column":8},"end":{"line":61,"column":11}},"18":{"start":{"line":59,"column":12},"end":{"line":59,"column":71}},"19":{"start":{"line":60,"column":12},"end":{"line":60,"column":19}},"20":{"start":{"line":63,"column":4},"end":{"line":71,"column":7}},"21":{"start":{"line":65,"column":8},"end":{"line":70,"column":11}},"22":{"start":{"line":68,"column":12},"end":{"line":68,"column":71}},"23":{"start":{"line":69,"column":12},"end":{"line":69,"column":19}},"24":{"start":{"line":72,"column":4},"end":{"line":80,"column":7}},"25":{"start":{"line":74,"column":8},"end":{"line":79,"column":11}},"26":{"start":{"line":77,"column":12},"end":{"line":77,"column":71}},"27":{"start":{"line":78,"column":12},"end":{"line":78,"column":19}},"28":{"start":{"line":81,"column":4},"end":{"line":89,"column":7}},"29":{"start":{"line":83,"column":8},"end":{"line":88,"column":11}},"30":{"start":{"line":86,"column":12},"end":{"line":86,"column":71}},"31":{"start":{"line":87,"column":12},"end":{"line":87,"column":19}},"32":{"start":{"line":90,"column":4},"end":{"line":98,"column":7}},"33":{"start":{"line":92,"column":8},"end":{"line":97,"column":11}},"34":{"start":{"line":95,"column":12},"end":{"line":95,"column":48}},"35":{"start":{"line":96,"column":12},"end":{"line":96,"column":19}},"36":{"start":{"line":99,"column":4},"end":{"line":107,"column":7}},"37":{"start":{"line":101,"column":8},"end":{"line":106,"column":11}},"38":{"start":{"line":104,"column":12},"end":{"line":104,"column":74}},"39":{"start":{"line":105,"column":12},"end":{"line":105,"column":19}}},"fnMap":{"0":{"name":"_interopRequireDefault","decl":{"start":{"line":15,"column":9},"end":{"line":15,"column":31}},"loc":{"start":{"line":15,"column":37},"end":{"line":15,"column":95}},"line":15},"1":{"name":"(anonymous_1)","decl":{"start":{"line":42,"column":21},"end":{"line":42,"column":22}},"loc":{"start":{"line":42,"column":33},"end":{"line":108,"column":1}},"line":42},"2":{"name":"(anonymous_2)","decl":{"start":{"line":45,"column":80},"end":{"line":45,"column":81}},"loc":{"start":{"line":45,"column":96},"end":{"line":53,"column":5}},"line":45},"3":{"name":"(anonymous_3)","decl":{"start":{"line":48,"column":37},"end":{"line":48,"column":38}},"loc":{"start":{"line":48,"column":57},"end":{"line":52,"column":9}},"line":48},"4":{"name":"(anonymous_4)","decl":{"start":{"line":54,"column":61},"end":{"line":54,"column":62}},"loc":{"start":{"line":54,"column":77},"end":{"line":62,"column":5}},"line":54},"5":{"name":"(anonymous_5)","decl":{"start":{"line":57,"column":66},"end":{"line":57,"column":67}},"loc":{"start":{"line":57,"column":86},"end":{"line":61,"column":9}},"line":57},"6":{"name":"(anonymous_6)","decl":{"start":{"line":63,"column":40},"end":{"line":63,"column":41}},"loc":{"start":{"line":63,"column":56},"end":{"line":71,"column":5}},"line":63},"7":{"name":"(anonymous_7)","decl":{"start":{"line":66,"column":44},"end":{"line":66,"column":45}},"loc":{"start":{"line":66,"column":64},"end":{"line":70,"column":9}},"line":66},"8":{"name":"(anonymous_8)","decl":{"start":{"line":72,"column":38},"end":{"line":72,"column":39}},"loc":{"start":{"line":72,"column":54},"end":{"line":80,"column":5}},"line":72},"9":{"name":"(anonymous_9)","decl":{"start":{"line":75,"column":42},"end":{"line":75,"column":43}},"loc":{"start":{"line":75,"column":62},"end":{"line":79,"column":9}},"line":75},"10":{"name":"(anonymous_10)","decl":{"start":{"line":81,"column":45},"end":{"line":81,"column":46}},"loc":{"start":{"line":81,"column":61},"end":{"line":89,"column":5}},"line":81},"11":{"name":"(anonymous_11)","decl":{"start":{"line":84,"column":39},"end":{"line":84,"column":40}},"loc":{"start":{"line":84,"column":59},"end":{"line":88,"column":9}},"line":84},"12":{"name":"(anonymous_12)","decl":{"start":{"line":90,"column":64},"end":{"line":90,"column":65}},"loc":{"start":{"line":90,"column":80},"end":{"line":98,"column":5}},"line":90},"13":{"name":"(anonymous_13)","decl":{"start":{"line":93,"column":39},"end":{"line":93,"column":40}},"loc":{"start":{"line":93,"column":59},"end":{"line":97,"column":9}},"line":93},"14":{"name":"(anonymous_14)","decl":{"start":{"line":99,"column":44},"end":{"line":99,"column":45}},"loc":{"start":{"line":99,"column":60},"end":{"line":107,"column":5}},"line":99},"15":{"name":"(anonymous_15)","decl":{"start":{"line":102,"column":42},"end":{"line":102,"column":43}},"loc":{"start":{"line":102,"column":62},"end":{"line":106,"column":9}},"line":102}},"branchMap":{"0":{"loc":{"start":{"line":15,"column":46},"end":{"line":15,"column":92}},"type":"cond-expr","locations":[{"start":{"line":15,"column":70},"end":{"line":15,"column":73}},{"start":{"line":15,"column":76},"end":{"line":15,"column":92}}],"line":15},"1":{"loc":{"start":{"line":15,"column":46},"end":{"line":15,"column":67}},"type":"binary-expr","locations":[{"start":{"line":15,"column":46},"end":{"line":15,"column":49}},{"start":{"line":15,"column":53},"end":{"line":15,"column":67}}],"line":15}},"s":{"0":1,"1":1,"2":1,"3":1,"4":1,"5":1,"6":3,"7":1,"8":1,"9":1,"10":1,"11":1,"12":1,"13":1,"14":1,"15":1,"16":1,"17":1,"18":1,"19":1,"20":1,"21":1,"22":1,"23":1,"24":1,"25":1,"26":1,"27":1,"28":1,"29":1,"30":1,"31":1,"32":1,"33":1,"34":1,"35":1,"36":1,"37":1,"38":1,"39":1},"f":{"0":3,"1":1,"2":1,"3":1,"4":1,"5":1,"6":1,"7":1,"8":1,"9":1,"10":1,"11":1,"12":1,"13":1,"14":1,"15":1},"b":{"0":[1,2],"1":[3,3]},"_coverageSchema":"43e27e138ebf9cfc5966b082cf9a028302ed4184","hash":"3e79b85c0bce60f9234518949bc548166bc61cfd","contentHash":"336a2fbe541324b2d92d34a24f92a989bc6b32989302b8f299776d43e0aaeae1"},"/home/premices/andella/interview/EPIC-Mail/server/tests/v2/users.js":{"path":"/home/premices/andella/interview/EPIC-Mail/server/tests/v2/users.js","statementMap":{"0":{"start":{"line":3,"column":12},"end":{"line":3,"column":27}},"1":{"start":{"line":5,"column":13},"end":{"line":5,"column":42}},"2":{"start":{"line":7,"column":16},"end":{"line":7,"column":36}},"3":{"start":{"line":9,"column":17},"end":{"line":9,"column":50}},"4":{"start":{"line":11,"column":13},"end":{"line":11,"column":35}},"5":{"start":{"line":13,"column":14},"end":{"line":13,"column":44}},"6":{"start":{"line":15,"column":39},"end":{"line":15,"column":93}},"7":{"start":{"line":17,"column":0},"end":{"line":17,"column":39}},"8":{"start":{"line":19,"column":13},"end":{"line":19,"column":36}},"9":{"start":{"line":20,"column":11},"end":{"line":24,"column":1}},"10":{"start":{"line":25,"column":14},"end":{"line":28,"column":1}},"11":{"start":{"line":30,"column":0},"end":{"line":40,"column":3}},"12":{"start":{"line":32,"column":4},"end":{"line":39,"column":7}},"13":{"start":{"line":34,"column":8},"end":{"line":38,"column":11}},"14":{"start":{"line":36,"column":12},"end":{"line":36,"column":79}},"15":{"start":{"line":37,"column":12},"end":{"line":37,"column":19}},"16":{"start":{"line":42,"column":0},"end":{"line":71,"column":3}},"17":{"start":{"line":44,"column":4},"end":{"line":52,"column":7}},"18":{"start":{"line":46,"column":8},"end":{"line":51,"column":11}},"19":{"start":{"line":49,"column":12},"end":{"line":49,"column":71}},"20":{"start":{"line":50,"column":12},"end":{"line":50,"column":19}},"21":{"start":{"line":53,"column":4},"end":{"line":61,"column":7}},"22":{"start":{"line":55,"column":8},"end":{"line":60,"column":11}},"23":{"start":{"line":58,"column":12},"end":{"line":58,"column":79}},"24":{"start":{"line":59,"column":12},"end":{"line":59,"column":19}},"25":{"start":{"line":62,"column":4},"end":{"line":70,"column":7}},"26":{"start":{"line":64,"column":8},"end":{"line":69,"column":11}},"27":{"start":{"line":67,"column":12},"end":{"line":67,"column":102}},"28":{"start":{"line":68,"column":12},"end":{"line":68,"column":19}}},"fnMap":{"0":{"name":"_interopRequireDefault","decl":{"start":{"line":15,"column":9},"end":{"line":15,"column":31}},"loc":{"start":{"line":15,"column":37},"end":{"line":15,"column":95}},"line":15},"1":{"name":"(anonymous_1)","decl":{"start":{"line":30,"column":19},"end":{"line":30,"column":20}},"loc":{"start":{"line":30,"column":31},"end":{"line":40,"column":1}},"line":30},"2":{"name":"(anonymous_2)","decl":{"start":{"line":32,"column":44},"end":{"line":32,"column":45}},"loc":{"start":{"line":32,"column":60},"end":{"line":39,"column":5}},"line":32},"3":{"name":"(anonymous_3)","decl":{"start":{"line":35,"column":52},"end":{"line":35,"column":53}},"loc":{"start":{"line":35,"column":72},"end":{"line":38,"column":9}},"line":35},"4":{"name":"(anonymous_4)","decl":{"start":{"line":42,"column":20},"end":{"line":42,"column":21}},"loc":{"start":{"line":42,"column":32},"end":{"line":71,"column":1}},"line":42},"5":{"name":"(anonymous_5)","decl":{"start":{"line":44,"column":36},"end":{"line":44,"column":37}},"loc":{"start":{"line":44,"column":52},"end":{"line":52,"column":5}},"line":44},"6":{"name":"(anonymous_6)","decl":{"start":{"line":47,"column":54},"end":{"line":47,"column":55}},"loc":{"start":{"line":47,"column":74},"end":{"line":51,"column":9}},"line":47},"7":{"name":"(anonymous_7)","decl":{"start":{"line":53,"column":38},"end":{"line":53,"column":39}},"loc":{"start":{"line":53,"column":54},"end":{"line":61,"column":5}},"line":53},"8":{"name":"(anonymous_8)","decl":{"start":{"line":56,"column":54},"end":{"line":56,"column":55}},"loc":{"start":{"line":56,"column":74},"end":{"line":60,"column":9}},"line":56},"9":{"name":"(anonymous_9)","decl":{"start":{"line":62,"column":47},"end":{"line":62,"column":48}},"loc":{"start":{"line":62,"column":63},"end":{"line":70,"column":5}},"line":62},"10":{"name":"(anonymous_10)","decl":{"start":{"line":65,"column":54},"end":{"line":65,"column":55}},"loc":{"start":{"line":65,"column":74},"end":{"line":69,"column":9}},"line":65}},"branchMap":{"0":{"loc":{"start":{"line":15,"column":46},"end":{"line":15,"column":92}},"type":"cond-expr","locations":[{"start":{"line":15,"column":70},"end":{"line":15,"column":73}},{"start":{"line":15,"column":76},"end":{"line":15,"column":92}}],"line":15},"1":{"loc":{"start":{"line":15,"column":46},"end":{"line":15,"column":67}},"type":"binary-expr","locations":[{"start":{"line":15,"column":46},"end":{"line":15,"column":49}},{"start":{"line":15,"column":53},"end":{"line":15,"column":67}}],"line":15}},"s":{"0":1,"1":1,"2":1,"3":1,"4":1,"5":1,"6":3,"7":1,"8":1,"9":1,"10":1,"11":1,"12":1,"13":1,"14":1,"15":1,"16":1,"17":1,"18":1,"19":1,"20":1,"21":1,"22":1,"23":1,"24":1,"25":1,"26":1,"27":1,"28":1},"f":{"0":3,"1":1,"2":1,"3":1,"4":1,"5":1,"6":1,"7":1,"8":1,"9":1,"10":1},"b":{"0":[1,2],"1":[3,3]},"_coverageSchema":"43e27e138ebf9cfc5966b082cf9a028302ed4184","hash":"238aac605c5b1e01377ae59fa4e903aa1c1f0bdd","contentHash":"da60166c915ad55fd12e5e8aac1d33087841e377bd0d69ebfde7059f768436ec"}}